
Running MCMC...
--------------------------

Running on 19 CPUs.

Running full MCMC

Acceptance fractions:
--------------------------
[0.41333333 0.42666667 0.40333333 0.45666667 0.42333333 0.42
 0.41333333 0.42333333 0.4        0.36       0.39       0.43333333
 0.41333333 0.41666667 0.42333333 0.45       0.41       0.45666667
 0.42333333 0.45       0.42333333 0.41666667 0.38666667 0.43666667
 0.41       0.44333333 0.41666667 0.39666667 0.43333333 0.42333333
 0.38       0.4        0.45333333 0.38       0.35666667 0.40333333
 0.46666667 0.40333333 0.43333333 0.4        0.45333333 0.40666667
 0.39666667 0.33666667 0.43666667 0.44333333 0.4        0.41333333
 0.40666667 0.36666667 0.37333333 0.37666667 0.41666667 0.41666667
 0.39333333 0.45333333 0.39333333 0.41666667 0.43       0.42666667
 0.42       0.46333333 0.42       0.42       0.40666667 0.38666667
 0.38666667 0.4        0.32666667 0.40666667 0.42666667 0.44333333
 0.4        0.43       0.44333333 0.43666667 0.39333333 0.40666667
 0.39       0.48       0.44666667 0.40333333 0.43666667 0.42333333
 0.43       0.48666667 0.42333333 0.40666667 0.39666667 0.39
 0.38333333 0.38666667 0.37333333 0.41333333 0.46       0.37666667
 0.41666667 0.40333333 0.39666667 0.38       0.43333333 0.41666667
 0.38333333 0.43333333 0.4        0.39       0.41333333 0.41666667
 0.39666667 0.39333333 0.43333333 0.42       0.4        0.41333333
 0.4        0.46       0.39       0.42666667 0.41333333 0.44333333
 0.38666667 0.45333333 0.37       0.37333333 0.41       0.4
 0.41333333 0.4        0.39       0.39       0.42333333 0.42666667
 0.38666667 0.39666667 0.41333333 0.38666667 0.39333333 0.39666667
 0.39666667 0.44333333 0.42       0.36333333 0.37       0.39
 0.45       0.43       0.44       0.43       0.4        0.42666667
 0.44666667 0.42333333 0.42       0.42333333 0.39       0.43333333
 0.41666667 0.41       0.37333333 0.43       0.39333333 0.39666667
 0.47333333 0.48666667 0.39666667 0.39       0.39333333 0.44333333
 0.45       0.41666667 0.40333333 0.44333333 0.43       0.41
 0.42       0.43       0.45666667 0.42333333 0.43333333 0.39333333
 0.38333333 0.42       0.39666667 0.40333333 0.42       0.43
 0.45333333 0.4        0.4        0.39333333 0.39333333 0.39666667
 0.4        0.42       0.40666667 0.4        0.4        0.40333333
 0.42333333 0.39      ]

Convergence check:
--------------------------
Total steps:         6000      
Burn steps:          1000      
Evaluation steps:    5000                
Evaluation samples:  50000               
Autocorrelation times:
	 parameter                      tau (in steps)       Chain length (in multiples of tau)
	 b_epoch                        96.73838372877734    51.68579220858556   
	 b_period                       87.00673307510996    57.46681691500438   
	 b_K                            104.86214460562898   47.68164926250803   
	 b_f_c                          90.75201232382737    55.095197031650024  
	 b_f_s                          91.1875322500565     54.83205737259001   
	 log_jitter_rv_Donatello        100.86612520561745   49.57065605333216   
	 log_jitter_rv_Raphael          153.1301509586319    32.65196284793548   

Succesfully converged! All chains are at least 30x the autocorrelation length.

