
Running MCMC...
--------------------------

Running on 19 CPUs.

Running full MCMC

Acceptance fractions:
--------------------------
[0.398 0.414 0.436 0.446 0.396 0.424 0.4   0.412 0.42  0.402 0.374 0.43
 0.416 0.428 0.434 0.424 0.416 0.424 0.416 0.396 0.448 0.424 0.372 0.442
 0.4   0.414 0.412 0.41  0.428 0.45  0.376 0.388 0.454 0.416 0.376 0.428
 0.456 0.448 0.43  0.418 0.442 0.41  0.396 0.386 0.408 0.436 0.392 0.406
 0.414 0.412 0.39  0.372 0.38  0.412 0.41  0.442 0.434 0.408 0.412 0.424
 0.416 0.434 0.42  0.398 0.388 0.368 0.376 0.392 0.356 0.41  0.404 0.428
 0.396 0.43  0.442 0.404 0.398 0.408 0.378 0.458 0.394 0.406 0.384 0.428
 0.404 0.478 0.426 0.434 0.414 0.39  0.388 0.382 0.388 0.414 0.418 0.41
 0.378 0.414 0.392 0.366 0.458 0.414 0.386 0.422 0.396 0.404 0.39  0.418
 0.434 0.42  0.426 0.428 0.418 0.396 0.408 0.408 0.404 0.42  0.428 0.452
 0.402 0.45  0.41  0.404 0.426 0.376 0.396 0.42  0.39  0.414 0.416 0.418
 0.418 0.386 0.406 0.414 0.396 0.424 0.416 0.414 0.408 0.358 0.394 0.396
 0.436 0.408 0.438 0.41  0.398 0.398 0.406 0.436 0.394 0.392 0.392 0.446
 0.388 0.444 0.418 0.422 0.374 0.386 0.476 0.476 0.402 0.37  0.41  0.42
 0.402 0.434 0.402 0.436 0.43  0.384 0.406 0.428 0.42  0.426 0.44  0.42
 0.396 0.442 0.436 0.434 0.43  0.452 0.474 0.4   0.36  0.422 0.404 0.388
 0.424 0.424 0.458 0.406 0.386 0.398 0.418 0.4  ]

Convergence check:
--------------------------
Total steps:         5000      
Burn steps:          2000      
Evaluation steps:    3000                
Autocorrelation times:
	 parameter                      tau (in steps)       Chain length (in multiples of tau)
	 b_epoch                        87.60898285116923    34.243063922981754  
	 b_period                       77.7185446795595     38.60082574074525   
	 b_K                            90.4000774533879     33.18581227484966   
	 b_f_c                          80.06971263736054    37.46735065213909   
	 b_f_s                          77.47259777505123    38.72336911575851   
	 log_jitter_rv_Donatello        91.95319462443508    32.62529390363125   
	 log_jitter_rv_Raphael          124.44889671858814   24.10628040185678   
