
Running MCMC...
--------------------------

Running on 19 CPUs.

Acceptance fractions:
--------------------------
[0.46666667 0.48       0.43666667 0.49666667 0.49333333 0.48666667
 0.47       0.5        0.50666667 0.47       0.43       0.49333333
 0.42       0.50333333 0.43333333 0.52       0.48666667 0.46666667
 0.51333333 0.49333333 0.47333333 0.43       0.47333333 0.49333333
 0.47333333 0.50666667 0.49666667 0.5        0.51       0.53333333
 0.46666667 0.49333333 0.45333333 0.48666667 0.48666667 0.47
 0.51       0.47       0.54       0.51666667 0.49       0.5
 0.54       0.49666667 0.48333333 0.45666667 0.51       0.53
 0.51333333 0.45       0.51333333 0.47666667 0.43666667 0.46333333
 0.50666667 0.53333333 0.50333333 0.46       0.48666667 0.52
 0.48666667 0.51666667 0.45333333 0.49       0.46       0.49
 0.49666667 0.50333333 0.51666667 0.44       0.46333333 0.5
 0.51       0.48       0.48666667 0.5        0.5        0.47
 0.54       0.49333333 0.53333333 0.50666667 0.53333333 0.49333333
 0.44333333 0.47333333 0.49333333 0.45333333 0.50333333 0.49666667
 0.48333333 0.47       0.51666667 0.49666667 0.52333333 0.44666667
 0.47666667 0.46666667 0.5        0.48      ]

Convergence check:
--------------------------
Total steps:         3000      
Burn steps:          2000      
Evaluation steps:    1000                
Autocorrelation times:
	 parameter                      tau (in steps)       Chain length (in multiples of tau)
	 flare_tpeak_1                  48.16330968210113    20.762692734374706  
	 flare_fwhm_1                   47.563977632572715   21.024313982419777  
	 flare_ampl_1                   47.69482063820246    20.96663718657583   
	 flare_tpeak_2                  41.64884426276718    24.010270097553946  
	 flare_fwhm_2                   45.69145791045258    21.88592891826364   
	 flare_ampl_2                   44.994030039642      22.22517074196176   
	 log_err_flux_Flaronardo        41.42644775829087    24.139168432559252  
