
allesfitter version
---------------------
v1.2.7

Shifting epochs into the data center
------------------------------------
Companion b
	input epoch: 1.09
	shifted epoch: 4.5
	shifted by 1 periods

Results:
----------
log(Z) = 450.46075409553765 +- 0.2537474753273881
Nr. of posterior samples: 21394

Saved ns_derived_results.csv, ns_derived_latex_table.txt, and ns_derived_latex_cmd.txt

Saved ns_derived_corner.pdf

Performing diagnostic tests on the fit's residuals...

Anderson-Darling Test
---------------------
This tests the null hypothesis that the residuals follows a normal distribution.
Test statistic		 0.3674000217839932
Critical values		 [0.555 0.632 0.758 0.884 1.051]
Significance levels	 [0.15  0.1   0.05  0.025 0.01 ]
Does the null hypotheses hold at a significance level of...
... 0.15 		 True
... 0.1 		 True
... 0.05 		 True
... 0.025 		 True
... 0.01 		 True
The null hypothesis cannot be rejected.
In simple words: your residuals look good.


Augmented Dickey-Fuller Test
----------------------------
This tests the null hypothesis that the residuals show non-stationarity (trends).
Test Statistic         -6.497415e+00
P-Value                 1.184780e-08
# Lags Used             3.000000e+00
# Observations Used     9.300000e+01
Critical Value (1%)    -3.502705e+00
Critical Value (5%)    -2.893158e+00
Critical Value (10%)   -2.583637e+00
Is the time series stationary? True
In simple words: your residuals look good.


Durbin-Watson Test
------------------
This tests the null hypothesis that there is no correlation among the residuals.
Test statistic: 1.9436237988804517
The test statistic is approximately equal to 2*(1-r) where r is the sample autocorrelation of the residuals. Interpretation:
	< 1.5 suggests a positive correlation
	1.5 to 2.5 suggests no correlation
	> 2.5 suggests a negative correlation
No signs of a correlation.
In simple words: your residuals look good.


Ljung-Box Test
--------------
This tests the null hypothesis that there is no correlation among the residuals.
Does the null hypotheses hold at a significance level of...
 lag   lb_stat  lb_pvalue  0.15  0.1  0.05  0.025  0.01
   1  0.061010   0.804906  True True  True   True  True
   5  6.479441   0.262320  True True  True   True  True
  10 13.069540   0.219810  True True  True   True  True
  15 18.498296   0.237375  True True  True   True  True
  20 26.496440   0.150035  True True  True   True  True
The null hypothesis cannot be rejected.
In simple words: your residuals look good.


Summary
-------
Test                    Passed?
Anderson-Darling        True
Augmented Dickey-Fuller True
Durbin-Watson           True
Ljung-Box               True

Orbital plots could not be produced.

Done. For all outputs, see allesfit/results
