
Settings:
--------------------------

user-given:                   
companions_phot                ['B']          
inst_phot                      ['Kepler']     
fast_fit                       False          
multiprocess                   True           
multiprocess_cores             15             
mcmc_nwalkers                  500            
mcmc_total_steps               5000           
mcmc_burn_steps                1000           
mcmc_thin_by                   100            
mcmc_pre_run_loops             1              
mcmc_pre_run_steps             1000           
host_grid_Kepler               very_sparse    
b_grid_Kepler                  very_sparse    
baseline_flux_Kepler           sample_GP_SHO  
error_flux_Kepler              sample         

automatically set:            
companions_rv                  []             
inst_rv                        []             
companions_all                 ['B']          
inst_all                       ['Kepler']     
print_progress                 True           
shift_epoch                    False          
inst_for_B_epoch               ['Kepler']     
phase_curve                    False          
fast_fit_width                 0.3333333333333333
use_host_density_prior         True           
fit_ttvs                       False          
secondary_eclipse              False          
ns_modus                       static         
ns_nlive                       500            
ns_bound                       single         
ns_sample                      rwalk          
ns_tol                         0.01           
B_grid_Kepler                  default        
host_ld_law_Kepler             None           
B_ld_law_Kepler                None           
host_shape_Kepler              sphere         
B_shape_Kepler                 sphere         
exact_grav                     False          
stellar_var_flux               none           
stellar_var_rv                 none           
color_plot                     False          
B_color                        (0.2980392156862745, 0.4470588235294118, 0.6901960784313725)
t_exp_Kepler                   None           
t_exp_n_int_Kepler             None           
host_N_spots_Kepler            0              
B_N_spots_Kepler               0              
N_flares                       0              
do_not_phase_fold              True           

Parameters:
--------------------------

user-given:                   
baseline_gp_sho_lnS0_flux_Kepler -5.0            free  ['uniform', -12.0, 12.0]      
baseline_gp_sho_lnQ_flux_Kepler -5.0            free  ['uniform', -12.0, 12.0]      
baseline_gp_sho_lnomega0_flux_Kepler -0.2855813606872647 free  ['uniform', -12.0, 12.0]      
log_err_flux_Kepler            -6.83           free  ['uniform', -8.0, -6.0]       

automatically set:            
dil_Kepler                     0.0             set  
B_rr                           None            set  
B_rsuma                        None            set  
B_cosi                         0.0             set  
B_epoch                        None            set  
B_period                       None            set  
B_sbratio_Kepler               0.0             set  
B_a                            None            set  
B_q                            1.0             set  
B_K                            0.0             set  
B_f_c                          0.0             set  
B_f_s                          0.0             set  
host_ldc_Kepler                None            set  
B_ldc_Kepler                   None            set  
host_gdc_Kepler                None            set  
B_gdc_Kepler                   None            set  
didt_Kepler                    None            set  
domdt_Kepler                   None            set  
host_rotfac_Kepler             1.0             set  
B_rotfac_Kepler                1.0             set  
host_hf_Kepler                 1.5             set  
B_hf_Kepler                    1.5             set  
host_bfac_Kepler               None            set  
B_bfac_Kepler                  None            set  
host_atmo_Kepler               None            set  
B_atmo_Kepler                  None            set  
host_lambda_Kepler             None            set  
B_lambda_Kepler                None            set  
host_vsini                     None            set  
B_vsini                        None            set  
host_spots_Kepler              None            set  
B_spots_Kepler                 None            set  

External priors:
--------------------------

Stellar density prior (automatically set): ['normal', 0.06288872337877335, 0.019394984071084212] (g cm^-3)

ndim: 4
