
Running MCMC...
--------------------------

Running on 15 CPUs.

Running pre-run loop 1 / 1

Running full MCMC

Acceptance fractions:
--------------------------
[0.5  0.52 0.62 0.64 0.48 0.52 0.46 0.72 0.46 0.58 0.62 0.6  0.56 0.6
 0.64 0.64 0.48 0.64 0.54 0.56 0.64 0.5  0.56 0.5  0.62 0.54 0.6  0.56
 0.64 0.44 0.54 0.7  0.56 0.62 0.58 0.52 0.66 0.36 0.68 0.52 0.5  0.56
 0.5  0.6  0.52 0.48 0.54 0.64 0.58 0.62 0.7  0.5  0.7  0.58 0.58 0.5
 0.46 0.58 0.54 0.6  0.58 0.58 0.56 0.6  0.58 0.54 0.4  0.5  0.54 0.54
 0.58 0.6  0.62 0.58 0.48 0.58 0.72 0.56 0.5  0.56 0.5  0.7  0.66 0.52
 0.72 0.68 0.44 0.46 0.56 0.64 0.54 0.5  0.46 0.48 0.66 0.54 0.52 0.5
 0.48 0.52 0.48 0.5  0.64 0.56 0.48 0.54 0.54 0.58 0.6  0.5  0.6  0.5
 0.44 0.5  0.6  0.6  0.52 0.62 0.54 0.56 0.54 0.36 0.58 0.58 0.48 0.54
 0.54 0.54 0.5  0.52 0.52 0.64 0.52 0.38 0.52 0.48 0.56 0.5  0.62 0.64
 0.64 0.56 0.54 0.66 0.54 0.48 0.7  0.5  0.58 0.54 0.56 0.54 0.54 0.58
 0.62 0.5  0.48 0.56 0.62 0.66 0.52 0.6  0.56 0.56 0.6  0.58 0.44 0.6
 0.54 0.5  0.6  0.58 0.64 0.54 0.6  0.62 0.66 0.58 0.56 0.52 0.66 0.62
 0.62 0.46 0.6  0.54 0.6  0.6  0.58 0.56 0.48 0.68 0.54 0.62 0.54 0.54
 0.64 0.56 0.58 0.56 0.42 0.44 0.54 0.54 0.68 0.58 0.44 0.52 0.66 0.44
 0.58 0.68 0.6  0.54 0.52 0.52 0.52 0.62 0.6  0.6  0.52 0.46 0.5  0.54
 0.64 0.64 0.54 0.64 0.54 0.62 0.64 0.54 0.52 0.58 0.68 0.5  0.64 0.58
 0.66 0.56 0.6  0.6  0.5  0.58 0.52 0.56 0.6  0.66 0.6  0.6  0.6  0.46
 0.52 0.52 0.56 0.58 0.56 0.5  0.52 0.52 0.62 0.58 0.66 0.52 0.6  0.56
 0.64 0.6  0.64 0.62 0.56 0.6  0.52 0.44 0.44 0.68 0.6  0.58 0.52 0.58
 0.62 0.58 0.58 0.52 0.62 0.52 0.48 0.58 0.58 0.6  0.56 0.56 0.52 0.68
 0.58 0.44 0.62 0.46 0.54 0.56 0.46 0.7  0.42 0.56 0.6  0.6  0.58 0.56
 0.46 0.5  0.52 0.56 0.64 0.62 0.52 0.54 0.5  0.56 0.6  0.56 0.54 0.56
 0.5  0.4  0.66 0.56 0.56 0.62 0.46 0.54 0.62 0.58 0.66 0.64 0.54 0.54
 0.5  0.54 0.52 0.5  0.66 0.56 0.68 0.56 0.64 0.52 0.56 0.64 0.58 0.48
 0.56 0.6  0.54 0.5  0.68 0.46 0.64 0.76 0.52 0.6  0.6  0.62 0.66 0.42
 0.54 0.52 0.62 0.64 0.68 0.6  0.7  0.62 0.54 0.7  0.64 0.52 0.62 0.66
 0.48 0.62 0.6  0.64 0.44 0.54 0.52 0.66 0.54 0.52 0.62 0.58 0.52 0.32
 0.5  0.68 0.42 0.46 0.52 0.52 0.66 0.5  0.5  0.56 0.6  0.52 0.52 0.64
 0.4  0.44 0.56 0.5  0.66 0.62 0.5  0.52 0.58 0.56 0.6  0.54 0.6  0.62
 0.6  0.58 0.48 0.44 0.52 0.54 0.6  0.54 0.6  0.6  0.54 0.58 0.56 0.62
 0.44 0.58 0.64 0.6  0.48 0.58 0.64 0.6  0.58 0.68 0.6  0.46 0.54 0.64
 0.46 0.64 0.48 0.5  0.6  0.5  0.54 0.48 0.54 0.6  0.54 0.48 0.58 0.5
 0.6  0.48 0.58 0.62 0.62 0.62 0.6  0.62 0.56 0.48 0.6  0.54 0.52 0.48
 0.48 0.58 0.46 0.62 0.58 0.46 0.6  0.54 0.48 0.58 0.62 0.56 0.58 0.56
 0.66 0.66 0.54 0.58 0.52 0.46 0.56 0.66 0.52 0.62]

Convergence check:
--------------------------
Total steps:         5000      
Burn steps:          1000      
Evaluation steps:    4000                
Evaluation samples:  20000               
Autocorrelation times:
	 parameter                      tau (in steps)       Chain length (in multiples of tau)
	 baseline_gp_sho_lnS0_flux_Kepler 84.96480208491487    47.078318337072695  
	 baseline_gp_sho_lnQ_flux_Kepler 79.31562234419187    50.43142677040235   
	 baseline_gp_sho_lnomega0_flux_Kepler 76.32022666735648    52.41074580968024   
	 log_err_flux_Kepler            80.26338195021734    49.835926456238354  

Succesfully converged! All chains are at least 30x the autocorrelation length.

