
Running MCMC...
--------------------------

Running on 19 CPUs.

Acceptance fractions:
--------------------------
[0.36       0.24333333 0.27       0.32333333 0.39333333 0.35
 0.34666667 0.3        0.37333333 0.28666667 0.34       0.31666667
 0.30666667 0.30666667 0.28       0.35       0.34333333 0.32
 0.32666667 0.35       0.34333333 0.27       0.28333333 0.33333333
 0.31       0.33       0.33333333 0.31333333 0.33666667 0.34
 0.35333333 0.27666667 0.28666667 0.37333333 0.33       0.32666667
 0.32333333 0.26333333 0.37666667 0.3        0.31333333 0.32666667
 0.38666667 0.35333333 0.34       0.29666667 0.29333333 0.34333333
 0.32       0.31666667 0.34       0.33       0.34333333 0.29333333
 0.31333333 0.36666667 0.34333333 0.30333333 0.34333333 0.31
 0.32666667 0.33333333 0.31666667 0.35       0.27333333 0.31333333
 0.34666667 0.34333333 0.31333333 0.30666667 0.31       0.35333333
 0.35333333 0.28       0.30666667 0.32333333 0.30666667 0.26666667
 0.36333333 0.32666667 0.33333333 0.32666667 0.34333333 0.31666667
 0.29333333 0.33       0.32333333 0.33666667 0.32       0.29333333
 0.3        0.31333333 0.32       0.28666667 0.35666667 0.29666667
 0.3        0.32666667 0.32       0.32      ]

Convergence check:
--------------------------
Total steps:         3000      
Burn steps:          2000      
Evaluation steps:    1000                
Autocorrelation times:
	 parameter                      tau (in steps)       Chain length (in multiples of tau)
	 b_rr                           78.88641340710946    12.676454116874291  
	 b_rsuma                        80.1092235875515     12.482957083051721  
	 b_cosi                         85.46309263768315    11.700957327152366  
	 b_epoch                        70.08454864651591    14.268480275783478  
	 b_period                       70.27812510460792    14.229178688411439  
	 host_ldc_q1_Leonardo           78.22476473705521    12.78367539181998   
	 host_ldc_q2_Leonardo           76.71650352839336    13.03500490777571   
	 log_err_flux_Leonardo          75.616263641018      13.224668237343991  
	 baseline_gp_offset_flux_Leonardo 76.0820313417757     13.143707947383792  
	 baseline_gp_matern32_lnsigma_flux_Leonardo 73.23712446613742    13.654277216500617  
	 baseline_gp_matern32_lnrho_flux_Leonardo 75.58335764396332    13.230425733539343  
