
Running MCMC...
--------------------------

Running on 19 CPUs.

Running full MCMC

Acceptance fractions:
--------------------------
[0.55333333 0.53333333 0.55333333 0.55333333 0.53333333 0.56
 0.60333333 0.55666667 0.57       0.58       0.53666667 0.53
 0.55       0.53       0.55333333 0.58       0.57       0.51666667
 0.54333333 0.57333333 0.53       0.54333333 0.53333333 0.53666667
 0.55333333 0.56       0.52333333 0.55666667 0.59666667 0.57333333
 0.55       0.53333333 0.56       0.63       0.51666667 0.54
 0.56666667 0.53666667 0.59       0.56       0.52333333 0.55666667
 0.6        0.55666667 0.55333333 0.5        0.61333333 0.57666667
 0.55       0.52       0.62       0.52333333 0.56333333 0.55666667
 0.56       0.58       0.55333333 0.53333333 0.53       0.56
 0.56666667 0.53666667 0.53333333 0.54666667 0.53666667 0.56333333
 0.56       0.57333333 0.54       0.50666667 0.55666667 0.56666667
 0.54333333 0.54       0.56       0.59333333 0.55666667 0.52
 0.53666667 0.6        0.57       0.57       0.53333333 0.5
 0.51666667 0.57333333 0.56666667 0.53       0.53333333 0.50333333
 0.54333333 0.53       0.59666667 0.55666667 0.58333333 0.58
 0.47333333 0.52666667 0.54       0.56666667]

Convergence check:
--------------------------
Total steps:         3000      
Burn steps:          1000      
Evaluation steps:    2000                
Evaluation samples:  20000               
Autocorrelation times:
	 parameter                      tau (in steps)       Chain length (in multiples of tau)
	 b_epoch                        47.80348945782961    41.83794996313653   
	 b_period                       45.55248329497935    43.9053999986963    
	 b_K                            45.455327954761835   43.99924255283      
	 log_jitter_rv_Donatello        47.80091593534368    41.840202449367986  
	 log_jitter_rv_Raphael          45.7443316250825     43.72126401128487   

Succesfully converged! All chains are at least 30x the autocorrelation length.

