
Running MCMC...
--------------------------

Running on 19 CPUs.

Running full MCMC

Acceptance fractions:
--------------------------
[0.55333333 0.53333333 0.55333333 0.55333333 0.53333333 0.56
 0.60333333 0.55666667 0.57       0.58       0.53666667 0.53
 0.55       0.53       0.55333333 0.58       0.57       0.51666667
 0.54333333 0.57333333 0.53       0.54333333 0.53333333 0.53666667
 0.55333333 0.56       0.52333333 0.55666667 0.59666667 0.57333333
 0.55       0.53333333 0.56       0.63       0.51666667 0.54
 0.56666667 0.53666667 0.59       0.56       0.52333333 0.55666667
 0.6        0.55666667 0.55333333 0.5        0.61333333 0.57666667
 0.55       0.52       0.62       0.52333333 0.56333333 0.55666667
 0.56       0.58       0.55333333 0.53333333 0.53       0.56
 0.56666667 0.53666667 0.53333333 0.54666667 0.53666667 0.56333333
 0.56       0.57333333 0.54       0.50666667 0.55666667 0.56666667
 0.54333333 0.54       0.56       0.59333333 0.55666667 0.52
 0.53666667 0.6        0.57       0.57       0.53333333 0.5
 0.51666667 0.57333333 0.56666667 0.53       0.53333333 0.50333333
 0.54333333 0.53       0.59666667 0.55666667 0.58333333 0.58
 0.47333333 0.52666667 0.54       0.56666667]

Convergence check:
--------------------------
Total steps:         3000      
Burn steps:          2000      
Evaluation steps:    1000                
Autocorrelation times:
	 parameter                      tau (in steps)       Chain length (in multiples of tau)
	 b_epoch                        38.168381248620875   26.19969637921526   
	 b_period                       40.11507763161547    24.928282806360087  
	 b_K                            37.721545218487805   26.510048679286008  
	 log_jitter_rv_Donatello        38.196531130782546   26.180387862344418  
	 log_jitter_rv_Raphael          35.449355595047635   28.209257494646884  
