
Settings:
--------------------------
user-given:                                   
planets_phot                   ['b']          
inst_phot                      ['Leonardo']   
fast_fit                       1              
multiprocess                   1              
multiprocess_cores             4              
ns_modus                       dynamic        
ns_nlive                       500            
ns_bound                       single         
ns_sample                      rwalk          
ns_tol                         0.01           
automatically set:                            
planets_rv                     []             
inst_rv                        []             
planets_all                    ['b']          
inst_all                       ['Leonardo']   
inst_for_b_epoch               ['Leonardo']   
fast_fit_width                 0.333333333333 
secondary_eclipse              0              
mcmc_nwalkers                  100            
mcmc_total_steps               2000           
mcmc_burn_steps                1000           
mcmc_thin_by                   1              
ld_law_Leonardo                quad           
baseline_flux_Leonardo         hybrid_spline  
error_flux_Leonardo            sample         
color_plot                     0              
t_exp_Leonardo                 None           
t_exp_n_int_Leonardo           None           

Parameters & initial guess:
--------------------------
ldc_q1_Leonardo                0.5             free 
ldc_q2_Leonardo                0.5             free 
b_rsuma                        0.178           free 
b_rr                           0.1011          free 
b_cosi                         0.099           free 
b_epoch                        4.5             free 
b_period                       3.41            free 
log_err_flux_Leonardo          -6.0            free 

Fit parameters & bounds:
--------------------------
ndim = 8
ldc_q1_Leonardo                0.5             ['uniform', 0.0, 1.0]         
ldc_q2_Leonardo                0.5             ['uniform', 0.0, 1.0]         
b_rsuma                        0.178           ['trunc_normal', 0.0, 1.0, 0.178, 0.066]
b_rr                           0.1011          ['trunc_normal', 0.0, 1.0, 0.1011, 0.0018]
b_cosi                         0.099           ['trunc_normal', 0.0, 1.0, 0.099, 0.105]
b_epoch                        4.5             ['trunc_normal', 3.41, 1000000000003.41, 4.5, 0.01]
b_period                       3.41            ['trunc_normal', 0.0, 1000000000000.0, 3.41, 0.01]
log_err_flux_Leonardo          -6.0            ['trunc_normal', -23.0, 0.0, -6.0, 1.0]

Running Dynamic Nested Sampler...
--------------------------

Running on 4 CPUs.

Time taken to run 'dynesty' (in dynamic mode) is 31 minutes
