
allesfitter version
--------------------------

v1.1.1

Shifting epochs into the data center:
--------------------------

Companion b
	input epoch: 0.0

Running MCMC...
--------------------------

Running on 15 CPUs.

Running full MCMC

Time taken to run 'emcee' on 15 cores is 0.47 hours

Acceptance fractions:
--------------------------
[0.45 0.43 0.53 0.44 0.39 0.36 0.44 0.5  0.34 0.44 0.42 0.42 0.45 0.51
 0.39 0.36 0.39 0.48 0.48 0.46 0.47 0.44 0.45 0.41 0.36 0.39 0.5  0.46
 0.54 0.44 0.48 0.53 0.52 0.51 0.41 0.42 0.47 0.43 0.44 0.43 0.43 0.46
 0.42 0.42 0.42 0.37 0.43 0.5  0.4  0.46 0.38 0.42 0.44 0.47 0.53 0.43
 0.42 0.51 0.34 0.44 0.4  0.45 0.47 0.41 0.41 0.47 0.42 0.38 0.41 0.38
 0.42 0.43 0.44 0.46 0.5  0.4  0.51 0.4  0.46 0.45 0.34 0.49 0.48 0.46
 0.44 0.54 0.4  0.42 0.52 0.46 0.31 0.43 0.5  0.39 0.39 0.46 0.42 0.34
 0.4  0.48 0.48 0.42 0.48 0.45 0.43 0.47 0.34 0.37 0.38 0.4  0.42 0.31
 0.43 0.42 0.44 0.38 0.4  0.48 0.43 0.39 0.38 0.47 0.43 0.38 0.44 0.4
 0.41 0.54 0.4  0.38 0.41 0.52 0.48 0.4  0.52 0.4  0.43 0.48 0.51 0.51
 0.5  0.39 0.49 0.51 0.38 0.42 0.49 0.4  0.37 0.42 0.37 0.33 0.33 0.43
 0.46 0.45 0.42 0.44 0.49 0.4  0.47 0.51 0.38 0.47 0.49 0.41 0.36 0.45
 0.42 0.41 0.41 0.43 0.42 0.42 0.4  0.42 0.47 0.47 0.42 0.42 0.43 0.46
 0.49 0.4  0.44 0.35 0.42 0.43 0.38 0.44 0.37 0.49 0.5  0.4  0.41 0.52
 0.39 0.44 0.46 0.46 0.39 0.45 0.42 0.43 0.53 0.48 0.41 0.43 0.42 0.47
 0.4  0.37 0.48 0.43 0.38 0.41 0.51 0.39 0.45 0.46 0.36 0.44 0.38 0.38
 0.42 0.45 0.46 0.45 0.44 0.45 0.46 0.37 0.42 0.45 0.51 0.37 0.4  0.42
 0.43 0.43 0.52 0.41 0.52 0.47 0.45 0.47 0.52 0.47 0.36 0.41 0.5  0.34
 0.45 0.4  0.34 0.47 0.55 0.37 0.4  0.33 0.45 0.52 0.5  0.4  0.41 0.41
 0.44 0.45 0.39 0.37 0.42 0.39 0.43 0.37 0.41 0.48 0.51 0.43 0.4  0.5
 0.38 0.46 0.45 0.45 0.36 0.41 0.45 0.45 0.42 0.47 0.41 0.46 0.45 0.43
 0.47 0.35 0.4  0.44 0.48 0.4  0.44 0.48 0.36 0.4  0.41 0.47 0.46 0.45
 0.37 0.49 0.4  0.39 0.56 0.51 0.5  0.41 0.47 0.5  0.42 0.37 0.38 0.42
 0.46 0.39 0.44 0.35 0.43 0.44 0.51 0.38 0.42 0.35 0.53 0.36 0.53 0.48
 0.45 0.39 0.52 0.34 0.4  0.45 0.5  0.46 0.41 0.41 0.41 0.52 0.45 0.38
 0.36 0.35 0.41 0.38 0.5  0.44 0.41 0.49 0.39 0.49 0.48 0.43 0.49 0.39
 0.39 0.45 0.51 0.39 0.49 0.54 0.43 0.44 0.4  0.53 0.47 0.42 0.47 0.37
 0.39 0.46 0.42 0.4  0.43 0.46 0.35 0.44 0.41 0.43 0.31 0.45 0.42 0.44
 0.36 0.43 0.48 0.46 0.4  0.47 0.5  0.38 0.46 0.44 0.42 0.5  0.41 0.4
 0.49 0.39 0.39 0.56 0.45 0.44 0.42 0.44 0.34 0.47 0.42 0.43 0.43 0.44
 0.42 0.49 0.38 0.38 0.49 0.4  0.43 0.5  0.46 0.4  0.48 0.35 0.41 0.42
 0.4  0.45 0.44 0.42 0.46 0.46 0.44 0.46 0.46 0.5  0.39 0.47 0.37 0.48
 0.4  0.42 0.4  0.45 0.5  0.37 0.43 0.37 0.44 0.46 0.48 0.44 0.47 0.4
 0.34 0.53 0.42 0.48 0.46 0.46 0.55 0.47 0.47 0.54 0.43 0.38 0.38 0.41
 0.49 0.4  0.4  0.48 0.39 0.39 0.38 0.43 0.33 0.44 0.41 0.47 0.48 0.58
 0.42 0.45 0.26 0.41 0.44 0.37 0.47 0.38 0.42 0.38]

Convergence check:
--------------------------
Total steps:         5000      
Burn steps:          1000      
Evaluation steps:    4000                
Evaluation samples:  40000               
Autocorrelation times:
	 parameter                      tau (in steps)       Chain length (in multiples of tau)
	 b_rr                           88.66249920681912    45.114902419673236  
	 b_rsuma                        91.7486697519319     43.59736234667069   
	 b_cosi                         91.88665472641473    43.531892764076396  
	 b_sbratio_TESS                 89.6560155880715     44.614965027870255  
	 b_phase_curve_beaming_TESS     87.92615965202795    45.49271816067248   
	 b_phase_curve_atmospheric_TESS 84.09823053146464    47.563426420766774  
	 b_phase_curve_ellipsoidal_TESS 86.6884846276106     46.14223004569612   
	 baseline_offset_flux_TESS      86.4321892104843     46.27905455754436   
	 log_err_flux_TESS              87.02494623581588    45.96383190126885   

Succesfully converged! All chains are at least 30x the autocorrelation length.

