
Settings:
--------------------------

user-given:                   
companions_phot                ['b']          
companions_rv                  ['b']          
inst_phot                      []             
inst_rv                        ['Donatello', 'Raphael']
multiprocess                   True           
multiprocess_cores             19             
fast_fit                       True           
fast_fit_width                 0.3333333333333333
shift_epoch                    True           
secondary_eclipse              False          
phase_curve                    False          
mcmc_nwalkers                  200            
mcmc_total_steps               5000           
mcmc_burn_steps                2000           
mcmc_thin_by                   10             
ns_modus                       dynamic        
ns_nlive                       500            
ns_bound                       single         
ns_sample                      rwalk          
ns_tol                         0.01           
baseline_flux_Donatello        hybrid_offset  
baseline_flux_Raphael          hybrid_offset  
error_rv_Donatello             sample         
error_rv_Raphael               sample         

automatically set:            
companions_all                 ['b']          
inst_all                       ['Donatello', 'Raphael']
print_progress                 True           
inst_for_b_epoch               ['Donatello', 'Raphael']
phase_variations               False          
use_host_density_prior         True           
fit_ttvs                       False          
mcmc_pre_run_loops             0              
mcmc_pre_run_steps             0              
host_grid_Donatello            default        
b_grid_Donatello               default        
host_ld_law_Donatello          None           
b_ld_law_Donatello             None           
host_shape_Donatello           sphere         
b_shape_Donatello              sphere         
host_grid_Raphael              default        
b_grid_Raphael                 default        
host_ld_law_Raphael            None           
b_ld_law_Raphael               None           
host_shape_Raphael             sphere         
b_shape_Raphael                sphere         
b_flux_weighted_Donatello      False          
b_flux_weighted_Raphael        False          
stellar_var_flux               none           
stellar_var_rv                 none           
baseline_rv_Donatello          none           
baseline_rv_Raphael            none           
color_plot                     False          
b_color                        (0.2980392156862745, 0.4470588235294118, 0.6901960784313725)
t_exp_Donatello                None           
t_exp_n_int_Donatello          None           
t_exp_Raphael                  None           
t_exp_n_int_Raphael            None           
host_N_spots_Donatello         0              
b_N_spots_Donatello            0              
host_N_spots_Raphael           0              
b_N_spots_Raphael              0              
N_flares                       0              
mid_epoch                      52.112         

Parameters:
--------------------------

user-given:                   
b_epoch                        52.112          free  ['uniform', 50.4, 53.6]       
b_period                       3.401           free  ['uniform', 3.3, 3.5]         
b_K                            0.11            free  ['uniform', 0.0, 0.2]         
b_f_c                          0.0             free  ['uniform', -1.0, 1.0]        
b_f_s                          0.0             free  ['uniform', -1.0, 1.0]        
log_jitter_rv_Donatello        -5.0            free  ['uniform', -10.0, -1.0]      
log_jitter_rv_Raphael          -7.0            free  ['uniform', -10.0, -1.0]      

automatically set:            
dil_Donatello                  0.0             set  
b_rr                           None            set  
b_rsuma                        None            set  
b_cosi                         0.0             set  
b_sbratio_Donatello            0.0             set  
b_a                            None            set  
b_q                            1.0             set  
host_ldc_Donatello             None            set  
b_ldc_Donatello                None            set  
host_gdc_Donatello             None            set  
b_gdc_Donatello                None            set  
didt_Donatello                 None            set  
domdt_Donatello                None            set  
host_rotfac_Donatello          1.0             set  
b_rotfac_Donatello             1.0             set  
host_hf_Donatello              1.5             set  
b_hf_Donatello                 1.5             set  
host_bfac_Donatello            None            set  
b_bfac_Donatello               None            set  
host_geom_albedo_Donatello     None            set  
b_geom_albedo_Donatello        None            set  
host_lambda_Donatello          None            set  
b_lambda_Donatello             None            set  
host_vsini                     None            set  
b_vsini                        None            set  
host_spots_Donatello           None            set  
b_spots_Donatello              None            set  
dil_Raphael                    0.0             set  
b_sbratio_Raphael              0.0             set  
host_ldc_Raphael               None            set  
b_ldc_Raphael                  None            set  
host_gdc_Raphael               None            set  
b_gdc_Raphael                  None            set  
didt_Raphael                   None            set  
domdt_Raphael                  None            set  
host_rotfac_Raphael            1.0             set  
b_rotfac_Raphael               1.0             set  
host_hf_Raphael                1.5             set  
b_hf_Raphael                   1.5             set  
host_bfac_Raphael              None            set  
b_bfac_Raphael                 None            set  
host_geom_albedo_Raphael       None            set  
b_geom_albedo_Raphael          None            set  
host_lambda_Raphael            None            set  
b_lambda_Raphael               None            set  
host_spots_Raphael             None            set  
b_spots_Raphael                None            set  

External priors:
--------------------------
No external priors defined.

ndim: 7
