
Settings:
--------------------------

user-given:                   
planets_phot                   ['b']          
planets_rv                     []             
inst_phot                      ['KSint']      
inst_rv                        []             
fast_fit                       0              
secondary_eclipse              0              
multiprocess                   1              
multiprocess_cores             4              
shift_epoch                    0              
ns_modus                       dynamic        
ns_nlive                       500            
ns_bound                       single         
ns_sample                      rwalk          
ns_tol                         0.01           
ld_law_KSint                   quad           
baseline_flux_KSint            hybrid_offset  
error_flux_KSint               sample         

automatically set:            
planets_all                    ['b']          
inst_all                       ['KSint']      
inst_for_b_epoch               ['KSint']      
phase_variations               0              
fast_fit_width                 0.333333333333 
mcmc_nwalkers                  100            
mcmc_total_steps               2000           
mcmc_burn_steps                1000           
mcmc_thin_by                   1              
shape_1                        sphere         
shape_2                        sphere         
color_plot                     0              
t_exp_KSint                    None           
t_exp_n_int_KSint              None           
N_spots_1                      2              

Parameters:
--------------------------

user-given:                   
light_3_KSint                  0.0             set  
ldc_q1_KSint                   0.5             free  ['uniform', 0.0, 1.0]         
ldc_q2_KSint                   0.5             free  ['uniform', 0.0, 1.0]         
b_sbratio_KSint                0.0             set  
b_geom_albedo_KSint            0.0             set  
b_rr                           0.1             set  
b_rsuma                        0.396           set  
b_cosi                         0.0             set  
b_epoch                        0.25            set  
b_period                       1.0             set  
b_f_c                          0.0             set  
b_f_s                          0.0             set  
rotfac_1                       0.04            free  ['uniform', 0.0, 1.0]         
spots_1_long_1                 174.0           free  ['trunc_normal', 0.0, 360.0, 174.0, 20.0]
spots_1_lat_1                  0.0             free  ['trunc_normal', 0.0, 360.0, 0.0, 20.0]
spots_1_size_1                 5.5             free  ['trunc_normal', 0.0, 100.0, 5.5, 2.0]
spots_1_brightness_1           0.4             free  ['trunc_normal', 0.0, 1.0, 0.4, 0.1]
spots_1_long_2                 120.0           free  ['trunc_normal', 0.0, 360.0, 120.0, 20.0]
spots_1_lat_2                  0.0             free  ['trunc_normal', 0.0, 360.0, 0.0, 20.0]
spots_1_size_2                 8.3             free  ['trunc_normal', 0.0, 100.0, 8.3, 2.0]
spots_1_brightness_2           0.6             free  ['trunc_normal', 0.0, 1.0, 0.6, 0.1]
log_err_flux_KSint             -7.0            free  ['trunc_normal', -23.0, 0.0, -7.0, 2.0]

automatically set:            
b_a                            None            set  
b_q                            1.0             set  
b_K                            0.0             set  
ldc_1_KSint                    None            set  
gdc_1                          None            set  
bfac_1                         None            set  
ttv_KSint                      0.0             set  

ndim: 12

Running Dynamic Nested Sampler...
--------------------------

Running on 4 CPUs.
