
Running MCMC...
--------------------------

Running on 19 CPUs.

Running full MCMC

Acceptance fractions:
--------------------------
[0.35333333 0.34666667 0.35       0.43666667 0.39       0.40333333
 0.38333333 0.36666667 0.38333333 0.38       0.32333333 0.39
 0.40333333 0.33333333 0.37       0.36333333 0.38666667 0.41333333
 0.33666667 0.31666667 0.42       0.37666667 0.42       0.39666667
 0.36666667 0.38666667 0.36       0.37       0.36666667 0.35333333
 0.36666667 0.4        0.32666667 0.36666667 0.36666667 0.32333333
 0.35666667 0.41666667 0.34666667 0.36333333 0.37666667 0.39666667
 0.32666667 0.35666667 0.30666667 0.36       0.32333333 0.39
 0.41       0.41       0.31666667 0.4        0.38666667 0.37666667
 0.34333333 0.44666667 0.36       0.39333333 0.41666667 0.40333333
 0.38666667 0.4        0.36666667 0.39666667 0.34       0.38666667
 0.38333333 0.35666667 0.39       0.40666667 0.35       0.41
 0.34333333 0.39       0.4        0.38       0.36333333 0.39333333
 0.39333333 0.39333333 0.40666667 0.37666667 0.41       0.37
 0.35       0.34       0.39666667 0.35       0.37333333 0.39666667
 0.39       0.4        0.41       0.4        0.37333333 0.38
 0.33       0.35666667 0.39333333 0.44       0.37666667 0.37333333
 0.39666667 0.36       0.34333333 0.32666667 0.40666667 0.34666667
 0.39333333 0.38666667 0.36666667 0.37       0.31666667 0.38666667
 0.38333333 0.39333333 0.42333333 0.35666667 0.4        0.38333333
 0.35       0.39333333 0.39       0.37666667 0.39       0.35
 0.38       0.39       0.33666667 0.39333333 0.38333333 0.38
 0.33       0.37       0.33666667 0.37       0.39       0.40333333
 0.43       0.34       0.37       0.47       0.36666667 0.38333333
 0.36333333 0.37666667 0.38       0.36       0.42666667 0.31
 0.35666667 0.32333333 0.41       0.37666667 0.35333333 0.41666667
 0.42       0.37       0.43666667 0.39       0.31666667 0.38
 0.37666667 0.4        0.38       0.39666667 0.35333333 0.35333333
 0.35333333 0.38       0.39       0.39666667 0.36666667 0.35
 0.36666667 0.36333333 0.34333333 0.39333333 0.36       0.37
 0.35       0.36333333 0.39333333 0.35       0.39       0.35333333
 0.38333333 0.38333333 0.38333333 0.37333333 0.35       0.37333333
 0.37666667 0.38333333 0.40333333 0.29       0.41       0.36
 0.38       0.41333333]

Convergence check:
--------------------------
Total steps:         6000      
Burn steps:          1000      
Evaluation steps:    5000                
Evaluation samples:  50000               
Autocorrelation times:
	 parameter                      tau (in steps)       Chain length (in multiples of tau)
	 b_rr                           135.62194038188042   36.86719114857922   
	 b_rsuma                        107.94617521859388   46.31938083841199   
	 b_cosi                         141.76676675619402   35.2691968252252    
	 b_epoch                        112.51817418646823   44.43726567864372   
	 b_period                       108.14058486708844   46.23611020918108   
	 host_ldc_q1_Leonardo           151.3529162420261    33.035372717923565  
	 host_ldc_q2_Leonardo           148.5807843422509    33.65172705295906   
	 log_err_flux_Leonardo          111.3826564283641    44.89029226211494   
	 baseline_offset_flux_Leonardo  109.80516526398632   45.53519853077339   

Succesfully converged! All chains are at least 30x the autocorrelation length.

