
allesfitter version
---------------------
v1.2.7

Shifting epochs into the data center
------------------------------------
Companion b
	input epoch: 1.09
	shifted epoch: 14.73
	shifted by 4 periods

Settings:
--------------------------

user-given:                   
companions_phot                ['b']          
companions_rv                  []             
inst_phot                      ['Leonardo']   
inst_rv                        []             
multiprocess                   True           
multiprocess_cores             19             
fast_fit                       True           
fast_fit_width                 0.3333333333333333
secondary_eclipse              False          
phase_curve                    False          
shift_epoch                    True           
inst_for_b_epoch               ['Leonardo']   
use_host_density_prior         True           
mcmc_nwalkers                  200            
mcmc_total_steps               6000           
mcmc_burn_steps                1000           
mcmc_thin_by                   20             
ns_modus                       dynamic        
ns_nlive                       500            
ns_bound                       single         
ns_sample                      rwalk          
ns_tol                         0.01           
host_ld_law_Leonardo           quad           
baseline_flux_Leonardo         sample_offset  
error_flux_Leonardo            sample         
host_grid_Leonardo             very_sparse    
b_grid_Leonardo                very_sparse    

automatically set:            
inst_rv2                       []             
companions_all                 ['b']          
inst_all                       ['Leonardo']   
print_progress                 True           
use_tidal_eccentricity_prior   False          
fit_ttvs                       False          
mcmc_pre_run_loops             0              
mcmc_pre_run_steps             0              
mcmc_moves                     [(<emcee.moves.de.DEMove object at 0x7faa2a7982b0>, 1.0)]
b_ld_law_Leonardo              None           
host_ld_space_Leonardo         q              
b_ld_space_Leonardo            q              
host_shape_Leonardo            sphere         
b_shape_Leonardo               sphere         
exact_grav                     False          
phase_curve_style              None           
stellar_var_flux               none           
stellar_var_rv                 none           
stellar_var_rv2                none           
baseline_flux_Leonardo_against time           
color_plot                     False          
b_color                        (0.2980392156862745, 0.4470588235294118, 0.6901960784313725)
zoom_window                    0.3333333333333333
t_exp_Leonardo                 None           
t_exp_n_int_Leonardo           None           
host_N_spots_Leonardo          0              
b_N_spots_Leonardo             0              
N_flares                       0              
mid_epoch                      14.73          

Parameters:
--------------------------

user-given:                   
b_rr                           0.1             free  ['uniform', 0.05, 0.15000000000000002]
b_rsuma                        0.2             free  ['uniform', 0.0, 0.7]         
b_cosi                         0.0             free  ['uniform', 0.0, 0.5]         
b_epoch                        14.73           free  ['uniform', 14.48, 14.98]     
b_period                       3.41            free  ['uniform', 3.3600000000000003, 3.46]
b_f_c                          0.0             set  
b_f_s                          0.0             set  
host_ldc_q1_Leonardo           0.5             free  ['uniform', 0.0, 1.0]         
host_ldc_q2_Leonardo           0.5             free  ['uniform', 0.0, 1.0]         
ln_err_flux_Leonardo           -6.0            free  ['uniform', -10.0, -1.0]      
baseline_offset_flux_Leonardo  0.0             free  ['uniform', -1.0, 1.0]        

automatically set:            
b_sbratio_Leonardo             0.0             set  
b_K                            0.0             set  
dil_Leonardo                   0.0             set  
host_ldc_u1_Leonardo           None            set  
host_ldc_u2_Leonardo           None            set  
host_ldc_u3_Leonardo           None            set  
host_ldc_u4_Leonardo           None            set  
b_ldc_u1_Leonardo              None            set  
b_ldc_u2_Leonardo              None            set  
b_ldc_u3_Leonardo              None            set  
b_ldc_u4_Leonardo              None            set  
host_ldc_q3_Leonardo           None            set  
host_ldc_q4_Leonardo           None            set  
b_ldc_q1_Leonardo              None            set  
b_ldc_q2_Leonardo              None            set  
b_ldc_q3_Leonardo              None            set  
b_ldc_q4_Leonardo              None            set  
b_a                            None            set  
b_q                            1.0             set  
didt_Leonardo                  None            set  
domdt_Leonardo                 None            set  
host_gdc_Leonardo              None            set  
host_rotfac_Leonardo           1.0             set  
host_hf_Leonardo               1.5             set  
host_bfac_Leonardo             None            set  
host_heat_Leonardo             None            set  
host_lambda                    None            set  
host_vsini                     None            set  
b_gdc_Leonardo                 None            set  
b_rotfac_Leonardo              1.0             set  
b_hf_Leonardo                  1.5             set  
b_bfac_Leonardo                None            set  
b_heat_Leonardo                None            set  
b_lambda                       None            set  
b_vsini                        None            set  
host_spots_Leonardo            None            set  
b_spots_Leonardo               None            set  
b_phase_curve_A1_Leonardo      None            set  
b_phase_curve_B1_Leonardo      None            set  
b_phase_curve_B1_shift_Leonardo 0.0             set  
b_phase_curve_B1t_Leonardo     None            set  
b_phase_curve_B1t_shift_Leonardo 0.0             set  
b_phase_curve_B1r_Leonardo     None            set  
b_phase_curve_B1r_shift_Leonardo 0.0             set  
b_phase_curve_B2_Leonardo      None            set  
b_phase_curve_B3_Leonardo      None            set  
b_phase_curve_beaming_Leonardo None            set  
b_phase_curve_atmospheric_Leonardo None            set  
b_phase_curve_atmospheric_shift_Leonardo 0.0             set  
b_phase_curve_atmospheric_thermal_Leonardo None            set  
b_phase_curve_atmospheric_thermal_shift_Leonardo 0.0             set  
b_phase_curve_atmospheric_reflected_Leonardo None            set  
b_phase_curve_atmospheric_reflected_shift_Leonardo 0.0             set  
b_phase_curve_ellipsoidal_Leonardo None            set  
b_phase_curve_ellipsoidal_2nd_Leonardo None            set  

External priors:
--------------------------

Stellar density prior (automatically set): ['normal', 1.4094654161843279, 0.04547080836069717] (g cm^-3)

ndim: 9
