
allesfitter version
---------------------
v1.2.7

Shifting epochs into the data center
------------------------------------
Companion b
	input epoch: 1.09
	shifted epoch: 14.73
	shifted by 4 periods

Convergence check
-------------------
Total steps:         6000      
Burn steps:          1000      
Evaluation steps:    5000                
Evaluation samples:  50000               
Autocorrelation times:
	 parameter                      tau (in steps)       Chain length (in multiples of tau)
	 b_rr                           51.0706005684403     97.9036851798804    
	 b_rsuma                        44.40428909193935    112.60173515327472  
	 b_cosi                         59.34633215800288    84.25120505658323   
	 b_epoch                        43.57450723028151    114.74599066780307  
	 b_period                       40.396536944574365   123.77298595818242  
	 host_ldc_q1_Leonardo           59.37627184044206    84.20872252532409   
	 host_ldc_q2_Leonardo           69.56080812371277    71.87955595782586   
	 ln_err_flux_Leonardo           42.95303378421515    116.40621300741402  
	 baseline_offset_flux_Leonardo  43.90693078089659    113.87723785456313  

Succesfully converged! All chains are at least 30x the autocorrelation length.


Saved mcmc_derived_results.csv, mcmc_derived_latex_table.txt, and mcmc_derived_latex_cmd.txt

Saved mcmc_derived_corner.pdf

Performing diagnostic tests on the fit's residuals...

Anderson-Darling Test
---------------------
This tests the null hypothesis that the residuals follows a normal distribution.
Test statistic		 0.903919489388727
Critical values		 [0.567 0.646 0.775 0.904 1.076]
Significance levels	 [0.15  0.1   0.05  0.025 0.01 ]
Does the null hypotheses hold at a significance level of...
... 0.15 		 False
... 0.1 		 False
... 0.05 		 False
... 0.025 		 True
... 0.01 		 True
The null hypothesis is rejected at some significance levels.
In simple words: there might still be some structure in your residuals.


Augmented Dickey-Fuller Test
----------------------------
This tests the null hypothesis that the residuals show non-stationarity (trends).
Test Statistic         -9.823386e+00
P-Value                 5.265187e-17
# Lags Used             3.000000e+00
# Observations Used     2.530000e+02
Critical Value (1%)    -3.456464e+00
Critical Value (5%)    -2.873033e+00
Critical Value (10%)   -2.572895e+00
Is the time series stationary? True
In simple words: your residuals look good.


Durbin-Watson Test
------------------
This tests the null hypothesis that there is no correlation among the residuals.
Test statistic: 1.9200556178494093
The test statistic is approximately equal to 2*(1-r) where r is the sample autocorrelation of the residuals. Interpretation:
	< 1.5 suggests a positive correlation
	1.5 to 2.5 suggests no correlation
	> 2.5 suggests a negative correlation
No signs of a correlation.
In simple words: your residuals look good.


Ljung-Box Test
--------------
This tests the null hypothesis that there is no correlation among the residuals.
Does the null hypotheses hold at a significance level of...
 lag   lb_stat  lb_pvalue  0.15   0.1  0.05  0.025  0.01
   1  0.401638   0.526244  True  True  True   True  True
   5  9.996786   0.075326 False False  True   True  True
  10 12.860990   0.231548  True  True  True   True  True
  15 20.555211   0.151652  True  True  True   True  True
  20 23.543612   0.262896  True  True  True   True  True
The null hypothesis is rejected at some significance levels.
In simple words: there might still be some structure in your residuals.


Summary
-------
Test                    Passed?
Anderson-Darling        False
Augmented Dickey-Fuller True
Durbin-Watson           True
Ljung-Box               False

Done. For all outputs, see allesfit/results 

