
Running MCMC...
--------------------------

Running on 19 CPUs.

Acceptance fractions:
--------------------------
[0.28666667 0.32666667 0.31333333 0.32       0.38       0.33666667
 0.35       0.36333333 0.38       0.38666667 0.36666667 0.36666667
 0.27333333 0.31       0.33       0.35       0.39       0.33
 0.28666667 0.33666667 0.38666667 0.3        0.37666667 0.35333333
 0.34666667 0.33333333 0.35333333 0.37       0.37666667 0.36333333
 0.41       0.33666667 0.33333333 0.40333333 0.36666667 0.28666667
 0.37666667 0.35       0.39333333 0.32       0.31       0.36666667
 0.41       0.36       0.34       0.34       0.4        0.38666667
 0.34       0.32666667 0.37       0.27       0.38333333 0.33666667
 0.34666667 0.33666667 0.36333333 0.31333333 0.29666667 0.34333333
 0.37666667 0.35333333 0.35       0.32333333 0.30333333 0.37
 0.32333333 0.41333333 0.32333333 0.36       0.36666667 0.42666667
 0.29       0.29666667 0.34       0.35666667 0.36       0.31333333
 0.39333333 0.36666667 0.38333333 0.33       0.32333333 0.33666667
 0.31666667 0.36666667 0.34333333 0.31333333 0.35333333 0.32
 0.33       0.36333333 0.38333333 0.30666667 0.36333333 0.29
 0.29666667 0.34       0.33666667 0.34666667]

Convergence check:
--------------------------
Total steps:         3000      
Burn steps:          2000      
Evaluation steps:    1000                
Autocorrelation times:
	 parameter                      tau (in steps)       Chain length (in multiples of tau)
	 b_rr                           67.04985027137965    14.914276407069798  
	 b_rsuma                        78.61572432959062    12.720101589442512  
	 b_cosi                         79.8938362268222     12.51661013198759   
	 b_epoch                        66.484642379782      15.041067594041843  
	 b_period                       68.42935973995269    14.613610353804713  
	 host_ldc_q1_Leonardo           70.84907096193895    14.114511120932173  
	 host_ldc_q2_Leonardo           74.28469085891689    13.46172392235194   
	 log_err_flux_Leonardo          60.321932163952354   16.577718321124795  
	 baseline_offset_flux_Leonardo  67.18632532010723    14.883981155920196  
