
allesfitter version
---------------------
v1.2.7

Shifting epochs into the data center
------------------------------------
Companion b
	input epoch: 1.09
	shifted epoch: 14.73
	shifted by 4 periods

Running MCMC...
--------------------------

Running on 19 CPUs.

Running full MCMC

Time taken to run 'emcee' on 19 cores is 0.32 hours

Acceptance fractions:
--------------------------
[0.17666667 0.21333333 0.2        0.16333333 0.19666667 0.17666667
 0.19333333 0.20333333 0.19       0.18333333 0.19666667 0.19666667
 0.18333333 0.22666667 0.17666667 0.18       0.19       0.19333333
 0.17666667 0.17666667 0.20333333 0.16666667 0.17333333 0.21
 0.19       0.19       0.19333333 0.21666667 0.22333333 0.16
 0.18666667 0.16333333 0.19333333 0.18       0.16666667 0.2
 0.20333333 0.15666667 0.19       0.21       0.18666667 0.19
 0.23666667 0.17       0.2        0.16666667 0.20666667 0.19
 0.14666667 0.18333333 0.19333333 0.18666667 0.21       0.19333333
 0.18333333 0.20666667 0.21333333 0.19       0.21666667 0.20333333
 0.14666667 0.19       0.18666667 0.16666667 0.2        0.18
 0.22       0.22333333 0.21666667 0.19333333 0.18       0.17333333
 0.21666667 0.16666667 0.16333333 0.20666667 0.19666667 0.15333333
 0.18333333 0.19666667 0.14333333 0.21333333 0.23333333 0.19666667
 0.18333333 0.19666667 0.18666667 0.18666667 0.19       0.18333333
 0.16       0.19666667 0.20333333 0.17333333 0.21666667 0.18333333
 0.2        0.2        0.18333333 0.19       0.21       0.15666667
 0.22333333 0.17333333 0.17       0.23333333 0.19333333 0.21
 0.17       0.18333333 0.20666667 0.2        0.21       0.20666667
 0.19333333 0.19666667 0.16333333 0.20666667 0.16333333 0.16666667
 0.2        0.16       0.14333333 0.18333333 0.20666667 0.18
 0.22333333 0.25333333 0.17       0.16666667 0.19333333 0.16333333
 0.14666667 0.18       0.18666667 0.2        0.22333333 0.19333333
 0.17333333 0.15666667 0.2        0.20333333 0.14666667 0.17333333
 0.2        0.21666667 0.17333333 0.18666667 0.22333333 0.22
 0.17333333 0.14333333 0.21       0.18666667 0.14666667 0.18
 0.16333333 0.18333333 0.21       0.19666667 0.16666667 0.16666667
 0.14666667 0.20666667 0.17       0.17       0.17666667 0.21
 0.14666667 0.16666667 0.20666667 0.19       0.19       0.22333333
 0.21666667 0.17       0.24666667 0.18666667 0.2        0.21
 0.18333333 0.18333333 0.17333333 0.17       0.19       0.17666667
 0.22333333 0.23333333 0.14666667 0.23666667 0.18333333 0.19666667
 0.19       0.21       0.19333333 0.17666667 0.18666667 0.19
 0.2        0.21      ]

Convergence check
-------------------
Total steps:         6000      
Burn steps:          1000      
Evaluation steps:    5000                
Evaluation samples:  50000               
Autocorrelation times:
	 parameter                      tau (in steps)       Chain length (in multiples of tau)
	 b_rr                           51.0706005684403     97.9036851798804    
	 b_rsuma                        44.40428909193935    112.60173515327472  
	 b_cosi                         59.34633215800288    84.25120505658323   
	 b_epoch                        43.57450723028151    114.74599066780307  
	 b_period                       40.396536944574365   123.77298595818242  
	 host_ldc_q1_Leonardo           59.37627184044206    84.20872252532409   
	 host_ldc_q2_Leonardo           69.56080812371277    71.87955595782586   
	 ln_err_flux_Leonardo           42.95303378421515    116.40621300741402  
	 baseline_offset_flux_Leonardo  43.90693078089659    113.87723785456313  

Succesfully converged! All chains are at least 30x the autocorrelation length.

