
Running MCMC...
--------------------------

Running on 19 CPUs.

Running pre-run loop 1 / 1

Running full MCMC

Acceptance fractions:
--------------------------
[0.33 0.27 0.39 0.3  0.39 0.27 0.43 0.34 0.33 0.35 0.28 0.32 0.33 0.3
 0.37 0.27 0.39 0.32 0.27 0.29 0.46 0.33 0.29 0.25 0.3  0.34 0.32 0.32
 0.36 0.32 0.33 0.3  0.36 0.3  0.3  0.33 0.34 0.34 0.27 0.38 0.34 0.34
 0.25 0.39 0.34 0.31 0.31 0.37 0.32 0.34 0.31 0.32 0.32 0.28 0.35 0.29
 0.29 0.33 0.34 0.34 0.32 0.4  0.35 0.31 0.34 0.32 0.32 0.29 0.3  0.29
 0.34 0.31 0.37 0.37 0.35 0.39 0.43 0.29 0.37 0.33 0.34 0.35 0.36 0.33
 0.28 0.35 0.31 0.37 0.33 0.35 0.31 0.32 0.29 0.29 0.21 0.24 0.3  0.32
 0.35 0.35 0.36 0.26 0.49 0.34 0.23 0.35 0.33 0.27 0.35 0.33 0.24 0.28
 0.3  0.3  0.35 0.37 0.33 0.37 0.33 0.35 0.41 0.3  0.29 0.34 0.33 0.31
 0.39 0.33 0.29 0.32 0.33 0.38 0.35 0.33 0.34 0.28 0.36 0.27 0.39 0.36
 0.39 0.33 0.35 0.33 0.27 0.34 0.38 0.3  0.31 0.37 0.29 0.35 0.26 0.39
 0.28 0.36 0.28 0.3  0.35 0.31 0.37 0.31 0.3  0.36 0.37 0.31 0.31 0.33
 0.28 0.3  0.34 0.33 0.39 0.32 0.24 0.33 0.4  0.35 0.3  0.41 0.26 0.41
 0.32 0.33 0.33 0.32 0.43 0.35 0.27 0.34 0.41 0.35 0.32 0.3  0.41 0.32
 0.34 0.29 0.35 0.32 0.34 0.25 0.37 0.36 0.35 0.32 0.28 0.29 0.29 0.34
 0.32 0.29 0.28 0.36 0.35 0.35 0.43 0.37 0.34 0.3  0.3  0.34 0.34 0.36
 0.32 0.38 0.33 0.36 0.35 0.29 0.29 0.26 0.35 0.3  0.35 0.37 0.38 0.25
 0.28 0.32 0.4  0.38 0.38 0.37 0.38 0.41 0.34 0.35 0.27 0.34 0.33 0.28
 0.36 0.29 0.19 0.37 0.38 0.34 0.34 0.3  0.4  0.31 0.36 0.35 0.29 0.38
 0.23 0.38 0.32 0.39 0.28 0.41 0.29 0.23 0.33 0.35 0.34 0.32 0.27 0.38
 0.29 0.32 0.32 0.32 0.3  0.29 0.31 0.33 0.33 0.29 0.4  0.3  0.31 0.33
 0.34 0.25 0.33 0.42 0.36 0.33 0.31 0.32 0.27 0.35 0.35 0.32 0.33 0.37
 0.32 0.25 0.33 0.33 0.39 0.34 0.35 0.35 0.35 0.35 0.38 0.3  0.36 0.31
 0.37 0.28 0.27 0.31 0.34 0.36 0.41 0.24 0.36 0.35 0.42 0.26 0.39 0.33
 0.29 0.26 0.35 0.3  0.33 0.32 0.4  0.38 0.35 0.3  0.29 0.38 0.35 0.39
 0.35 0.29 0.33 0.37 0.32 0.28 0.31 0.44 0.37 0.39 0.33 0.28 0.34 0.38
 0.36 0.36 0.39 0.41 0.29 0.31 0.36 0.35 0.33 0.4  0.31 0.33 0.38 0.27
 0.4  0.33 0.33 0.34 0.33 0.35 0.24 0.37 0.34 0.31 0.34 0.39 0.41 0.32
 0.31 0.33 0.25 0.45 0.33 0.28 0.33 0.36 0.36 0.32 0.33 0.29 0.38 0.33
 0.27 0.28 0.35 0.4  0.39 0.31 0.29 0.24 0.31 0.32 0.32 0.32 0.32 0.33
 0.32 0.38 0.25 0.32 0.36 0.32 0.31 0.38 0.39 0.31 0.38 0.26 0.35 0.41
 0.25 0.36 0.31 0.32 0.31 0.39 0.43 0.32 0.38 0.34 0.35 0.29 0.27 0.42
 0.32 0.37 0.32 0.24 0.34 0.33 0.27 0.29 0.36 0.36 0.33 0.34 0.35 0.36
 0.3  0.35 0.32 0.34 0.32 0.28 0.34 0.32 0.33 0.38 0.4  0.28 0.31 0.37
 0.3  0.32 0.34 0.33 0.28 0.29 0.3  0.26 0.31 0.36 0.4  0.39 0.37 0.34
 0.29 0.32 0.25 0.36 0.35 0.31 0.25 0.3  0.3  0.38]

Convergence check:
--------------------------
Total steps:         10000     
Burn steps:          1000      
Evaluation steps:    9000                
Evaluation samples:  45000               
Autocorrelation times:
	 parameter                      tau (in steps)       Chain length (in multiples of tau)
	 host_ldc_q1_Kepler             248.95845200822615   36.150610382581505  
	 host_ldc_q2_Kepler             217.2523287100923    41.426483451000685  
	 B_rr                           223.22054215225342   40.31886990876187   
	 B_rsuma                        173.07101846324565   52.0017740688993    
	 B_cosi                         187.39587171356163   48.02667165345393   
	 B_epoch                        173.78104511468172   51.7893075971589    
	 B_period                       174.86830954433472   51.46730144216446   
	 B_sbratio_Kepler               173.31296533962316   51.92917899918017   
	 baseline_gp_sho_lnS0_flux_Kepler 177.16870768739722   50.799038484154444  
	 baseline_gp_sho_lnQ_flux_Kepler 198.67486981300715   45.30014293438724   
	 baseline_gp_sho_lnomega0_flux_Kepler 169.6502704456165    53.05031330843095   
	 log_err_flux_Kepler            163.3155373421158    55.10804511604225   

Succesfully converged! All chains are at least 30x the autocorrelation length.

