
Settings:
--------------------------

user-given:                   
companions_phot                ['b']          
inst_phot                      ['Leonardo']   
fast_fit                       1              
multiprocess                   1              
multiprocess_cores             4              
ns_modus                       dynamic        
ns_nlive                       500            
ns_bound                       single         
ns_sample                      rwalk          
ns_tol                         0.01           

automatically set:            
companions_rv                  []             
inst_rv                        []             
companions_all                 ['b']          
inst_all                       ['Leonardo']   
print_progress                 1              
shift_epoch                    0              
inst_for_b_epoch               ['Leonardo']   
phase_variations               0              
fast_fit_width                 0.333333333333 
secondary_eclipse              0              
mcmc_nwalkers                  100            
mcmc_total_steps               2000           
mcmc_burn_steps                1000           
mcmc_thin_by                   1              
host_grid_Leonardo             default        
b_grid_Leonardo                default        
host_ld_law_Leonardo           None           
b_ld_law_Leonardo              None           
host_shape_Leonardo            sphere         
b_shape_Leonardo               sphere         
baseline_flux_Leonardo         hybrid_spline  
error_flux_Leonardo            sample         
color_plot                     0              
t_exp_Leonardo                 None           
t_exp_n_int_Leonardo           None           
host_N_spots_Leonardo          0              
b_N_spots_Leonardo             0              
N_flares                       0              

Parameters:
--------------------------

user-given:                   
host_ldc_q1_Leonardo           0.5             free  ['uniform', 0.0, 1.0]         
host_ldc_q2_Leonardo           0.5             free  ['uniform', 0.0, 1.0]         
b_rsuma                        0.178           free  ['trunc_normal', 0.0, 1.0, 0.178, 0.066]
b_rr                           0.1011          free  ['trunc_normal', 0.0, 1.0, 0.1011, 0.0018]
b_cosi                         0.099           free  ['trunc_normal', 0.0, 1.0, 0.099, 0.105]
b_epoch                        1.09            free  ['trunc_normal', 0.0, 1000000000000.0, 1.09, 0.01]
b_period                       3.41            free  ['trunc_normal', 0.0, 1000000000000.0, 3.41, 0.01]
log_err_flux_Leonardo          -6.0            free  ['trunc_normal', -23.0, 0.0, -6.0, 1.0]

automatically set:            
dil_Leonardo                   0.0             set  
b_sbratio_Leonardo             0.0             set  
b_a                            None            set  
b_q                            1.0             set  
b_K                            0.0             set  
b_f_c                          0.0             set  
b_f_s                          0.0             set  
host_ldc_Leonardo              None            set  
b_ldc_Leonardo                 None            set  
host_gdc_Leonardo              None            set  
b_gdc_Leonardo                 None            set  
didt_Leonardo                  None            set  
domdt_Leonardo                 None            set  
host_rotfac_Leonardo           1.0             set  
b_rotfac_Leonardo              1.0             set  
host_hf_Leonardo               1.5             set  
b_hf_Leonardo                  1.5             set  
host_bfac_Leonardo             None            set  
b_bfac_Leonardo                None            set  
host_geom_albedo_Leonardo      0               set  
b_geom_albedo_Leonardo         0               set  
host_lambda_Leonardo           None            set  
b_lambda_Leonardo              None            set  
host_vsini_Leonardo            None            set  
b_vsini_Leonardo               None            set  
host_spots_Leonardo            None            set  
b_spots_Leonardo               None            set  
ttv_Leonardo                   0.0             set  

ndim: 8

Running Dynamic Nested Sampler...
--------------------------

Running on 4 CPUs.

Time taken to run 'dynesty' (in dynamic mode) is 0.26 hours
