
Settings:
--------------------------

user-given:                   
companions_phot                ['b']          
companions_rv                  []             
inst_phot                      ['Flaronardo'] 
inst_rv                        []             
multiprocess                   True           
multiprocess_cores             19             
fast_fit                       False          
do_not_phase_fold              True           
shift_epoch                    False          
mcmc_nwalkers                  100            
mcmc_total_steps               3000           
mcmc_burn_steps                2000           
mcmc_thin_by                   10             
ns_modus                       dynamic        
ns_nlive                       500            
ns_bound                       single         
ns_sample                      rwalk          
ns_tol                         0.01           
baseline_flux_Flaronardo       hybrid_spline  
error_flux_Flaronardo          sample         
N_flares                       2              

automatically set:            
companions_all                 ['b']          
inst_all                       ['Flaronardo'] 
print_progress                 True           
inst_for_b_epoch               ['Flaronardo'] 
phase_variations               False          
fast_fit_width                 0.3333333333333333
fit_ttvs                       False          
secondary_eclipse              False          
host_grid_Flaronardo           default        
b_grid_Flaronardo              default        
host_ld_law_Flaronardo         None           
b_ld_law_Flaronardo            None           
host_shape_Flaronardo          sphere         
b_shape_Flaronardo             sphere         
stellar_var_flux               none           
stellar_var_rv                 none           
color_plot                     False          
t_exp_Flaronardo               None           
t_exp_n_int_Flaronardo         None           
host_N_spots_Flaronardo        0              
b_N_spots_Flaronardo           0              

Parameters:
--------------------------

user-given:                   
flare_tpeak_1                  0.3             free  ['uniform', 0.2, 0.4]         
flare_fwhm_1                   0.1             free  ['uniform', 0.0, 0.2]         
flare_ampl_1                   0.01            free  ['uniform', 0.0, 0.05]        
flare_tpeak_2                  0.7             free  ['uniform', 0.5, 0.8]         
flare_fwhm_2                   0.2             free  ['uniform', 0.0, 0.4]         
flare_ampl_2                   0.008           free  ['uniform', 0.0, 0.2]         
log_err_flux_Flaronardo        -7.0            free  ['uniform', -9.0, -5.0]       

automatically set:            
dil_Flaronardo                 0.0             set  
b_rr                           None            set  
b_rsuma                        None            set  
b_cosi                         None            set  
b_epoch                        None            set  
b_period                       None            set  
b_sbratio_Flaronardo           0.0             set  
b_a                            None            set  
b_q                            1.0             set  
b_K                            0.0             set  
b_f_c                          0.0             set  
b_f_s                          0.0             set  
host_ldc_Flaronardo            None            set  
b_ldc_Flaronardo               None            set  
host_gdc_Flaronardo            None            set  
b_gdc_Flaronardo               None            set  
didt_Flaronardo                None            set  
domdt_Flaronardo               None            set  
host_rotfac_Flaronardo         1.0             set  
b_rotfac_Flaronardo            1.0             set  
host_hf_Flaronardo             1.5             set  
b_hf_Flaronardo                1.5             set  
host_bfac_Flaronardo           None            set  
b_bfac_Flaronardo              None            set  
host_geom_albedo_Flaronardo    0               set  
b_geom_albedo_Flaronardo       0               set  
host_lambda_Flaronardo         None            set  
b_lambda_Flaronardo            None            set  
host_vsini_Flaronardo          None            set  
b_vsini_Flaronardo             None            set  
host_spots_Flaronardo          None            set  
b_spots_Flaronardo             None            set  

External priors:
--------------------------
No external priors defined.

ndim: 7
