
Convergence check:
--------------------------
Total steps:         5000      
Burn steps:          1000      
Evaluation steps:    4000                
Evaluation samples:  40000               
Autocorrelation times:
	 parameter                      tau (in steps)       Chain length (in multiples of tau)
	 b_rr                           93.37467340135912    42.83816857710988   
	 b_rsuma                        93.9928187207733     42.556442656357554  
	 b_cosi                         94.3394150161877     42.40009331532997   
	 b_sbratio_TESS                 86.61702233022099    46.18029911892256   
	 b_phase_curve_beaming_TESS     90.06403553889919    44.41284443969176   
	 b_phase_curve_atmospheric_TESS 86.12910630673886    46.44190763752339   
	 b_phase_curve_ellipsoidal_TESS 89.63451130387593    44.62566863826962   
	 baseline_offset_flux_TESS      89.91380197073622    44.48705218028551   
	 log_err_flux_TESS              85.89427054155483    46.56888026151684   

Succesfully converged! All chains are at least 30x the autocorrelation length.


TESS b: deriving eclipse depths and more from model curves...

Saved mcmc_derived_results.csv, mcmc_derived_latex_table.txt, and mcmc_derived_latex_cmd.txt

Saved mcmc_derived_corner.pdf

Done. For all outputs, see allesfit_orbit/results 

