
Running MCMC...
--------------------------

Running on 19 CPUs.

Running full MCMC

Acceptance fractions:
--------------------------
[0.46 0.47 0.47 0.43 0.44 0.48 0.42 0.43 0.38 0.44 0.47 0.37 0.44 0.5
 0.35 0.4  0.45 0.51 0.41 0.48 0.47 0.35 0.49 0.41 0.48 0.38 0.48 0.42
 0.5  0.37 0.42 0.53 0.41 0.5  0.47 0.43 0.5  0.39 0.48 0.4  0.4  0.39
 0.46 0.45 0.37 0.35 0.33 0.47 0.29 0.46 0.46 0.4  0.39 0.44 0.44 0.44
 0.48 0.48 0.3  0.42 0.39 0.44 0.44 0.42 0.42 0.48 0.34 0.42 0.46 0.49
 0.38 0.48 0.42 0.45 0.53 0.43 0.44 0.38 0.5  0.4  0.36 0.4  0.51 0.47
 0.46 0.48 0.39 0.41 0.5  0.4  0.4  0.41 0.43 0.4  0.41 0.4  0.46 0.39
 0.45 0.41 0.51 0.43 0.45 0.42 0.4  0.44 0.38 0.33 0.46 0.39 0.36 0.43
 0.43 0.45 0.36 0.32 0.4  0.43 0.5  0.38 0.43 0.42 0.45 0.37 0.43 0.38
 0.42 0.53 0.46 0.45 0.4  0.57 0.48 0.37 0.52 0.41 0.52 0.34 0.45 0.49
 0.46 0.37 0.46 0.37 0.4  0.45 0.45 0.36 0.36 0.45 0.37 0.49 0.33 0.42
 0.51 0.43 0.41 0.39 0.4  0.44 0.44 0.48 0.38 0.47 0.45 0.37 0.44 0.39
 0.45 0.42 0.47 0.43 0.44 0.42 0.41 0.4  0.46 0.48 0.39 0.51 0.42 0.45
 0.51 0.39 0.45 0.48 0.4  0.46 0.43 0.43 0.39 0.52 0.48 0.46 0.45 0.52
 0.43 0.4  0.49 0.43 0.44 0.43 0.4  0.4  0.49 0.46 0.37 0.46 0.5  0.45
 0.41 0.38 0.51 0.39 0.4  0.46 0.42 0.41 0.46 0.43 0.39 0.42 0.41 0.45
 0.46 0.48 0.36 0.47 0.39 0.42 0.45 0.35 0.42 0.49 0.54 0.42 0.43 0.39
 0.43 0.51 0.48 0.45 0.49 0.45 0.47 0.45 0.47 0.38 0.38 0.42 0.52 0.4
 0.52 0.38 0.41 0.51 0.48 0.37 0.37 0.43 0.42 0.48 0.48 0.32 0.38 0.45
 0.47 0.44 0.36 0.4  0.52 0.44 0.38 0.44 0.4  0.53 0.43 0.39 0.44 0.48
 0.41 0.47 0.48 0.37 0.4  0.43 0.49 0.42 0.42 0.45 0.43 0.39 0.52 0.36
 0.47 0.36 0.41 0.5  0.53 0.48 0.39 0.46 0.37 0.51 0.48 0.37 0.47 0.44
 0.37 0.36 0.39 0.45 0.52 0.5  0.45 0.43 0.44 0.49 0.39 0.46 0.39 0.42
 0.42 0.41 0.45 0.35 0.49 0.47 0.38 0.35 0.44 0.3  0.52 0.38 0.52 0.46
 0.4  0.48 0.46 0.37 0.45 0.44 0.52 0.47 0.54 0.4  0.42 0.55 0.46 0.38
 0.35 0.32 0.41 0.36 0.53 0.42 0.43 0.44 0.4  0.53 0.47 0.52 0.53 0.46
 0.52 0.48 0.48 0.44 0.45 0.46 0.46 0.47 0.38 0.56 0.44 0.45 0.44 0.44
 0.41 0.45 0.4  0.43 0.51 0.53 0.38 0.46 0.36 0.43 0.39 0.41 0.51 0.41
 0.39 0.47 0.48 0.41 0.45 0.42 0.52 0.41 0.44 0.42 0.41 0.5  0.42 0.5
 0.45 0.36 0.49 0.51 0.51 0.35 0.39 0.51 0.33 0.47 0.43 0.49 0.4  0.43
 0.44 0.51 0.47 0.49 0.44 0.37 0.36 0.42 0.54 0.41 0.56 0.39 0.37 0.44
 0.44 0.48 0.43 0.52 0.47 0.49 0.49 0.43 0.47 0.54 0.42 0.42 0.38 0.45
 0.41 0.48 0.36 0.37 0.46 0.43 0.45 0.44 0.42 0.44 0.41 0.47 0.44 0.43
 0.39 0.51 0.44 0.54 0.39 0.49 0.48 0.38 0.41 0.46 0.35 0.39 0.38 0.41
 0.49 0.46 0.35 0.45 0.44 0.39 0.41 0.38 0.34 0.39 0.44 0.5  0.5  0.53
 0.45 0.54 0.31 0.44 0.44 0.39 0.44 0.42 0.4  0.4 ]

Convergence check:
--------------------------
Total steps:         5000      
Burn steps:          1000      
Evaluation steps:    4000                
Evaluation samples:  40000               
Autocorrelation times:
	 parameter                      tau (in steps)       Chain length (in multiples of tau)
	 b_rr                           93.37467340135912    42.83816857710988   
	 b_rsuma                        93.9928187207733     42.556442656357554  
	 b_cosi                         94.3394150161877     42.40009331532997   
	 b_sbratio_TESS                 86.61702233022099    46.18029911892256   
	 b_phase_curve_beaming_TESS     90.06403553889922    44.412844439691746  
	 b_phase_curve_atmospheric_TESS 86.12910630673889    46.44190763752338   
	 b_phase_curve_ellipsoidal_TESS 89.63451130387594    44.625668638269616  
	 baseline_offset_flux_TESS      89.91380197073622    44.48705218028551   
	 log_err_flux_TESS              85.89427054155483    46.56888026151684   

Succesfully converged! All chains are at least 30x the autocorrelation length.

