
Running MCMC...
--------------------------

Running on 7 CPUs.

Acceptance fractions:
--------------------------
[0.24666667 0.24666667 0.23333333 0.24666667 0.27333333 0.27333333
 0.31       0.25       0.28333333 0.25666667 0.27333333 0.25
 0.22666667 0.24666667 0.27       0.28       0.27666667 0.26666667
 0.27       0.28333333 0.25666667 0.23333333 0.27333333 0.31666667
 0.28333333 0.22666667 0.3        0.27333333 0.32       0.29
 0.28       0.22333333 0.18       0.32333333 0.28       0.26
 0.3        0.25333333 0.28       0.26333333 0.26       0.30333333
 0.32333333 0.28       0.23       0.28       0.27333333 0.23333333
 0.27666667 0.22       0.27666667 0.23333333 0.23       0.25333333
 0.27333333 0.26333333 0.30666667 0.29       0.26333333 0.27333333
 0.32       0.30333333 0.27666667 0.31333333 0.29       0.27666667
 0.28333333 0.29666667 0.27       0.25       0.27       0.26666667
 0.25666667 0.21666667 0.24333333 0.29333333 0.29       0.22333333
 0.31       0.29333333 0.24333333 0.25333333 0.32       0.23666667
 0.25333333 0.25333333 0.26666667 0.25       0.27666667 0.26666667
 0.22333333 0.25       0.3        0.25333333 0.30666667 0.23666667
 0.27       0.25       0.23666667 0.27333333]

Convergence check:
--------------------------
Total steps:         3000      
Burn steps:          2000      
Evaluation steps:    1000                
Autocorrelation times:
	 parameter                      tau (in steps)       Chain length (in multiples of tau)
	 b_rsuma                        91.1189165991305     10.97466955626141   
	 b_rr                           88.42977341033222    11.308408485452016  
	 b_cosi                         94.64483293665555    10.565817160555252  
	 b_epoch                        86.7442190325468     11.528145750263723  
	 b_period                       87.3996161558812     11.44169784700718   
	 b_K                            90.62690830624302    11.03425040850823   
	 log_err_flux_Leonardo          85.78586307547991    11.65693232135621   
	 log_err_flux_Michelangelo      91.24685218088486    10.959282168086542  
	 log_jitter_rv_Donatello        87.71240440206527    11.400895994323626  
	 log_jitter_rv_Raphael          88.85984990811407    11.253676447057412  
	 baseline_gp_offset_flux_Leonardo 68.17825610829486    14.66743294829355   
	 baseline_gp_matern32_lnsigma_flux_Leonardo 86.58035419303958    11.549964299873384  
	 baseline_gp_matern32_lnrho_flux_Leonardo 85.67057420396554    11.672619324567474  
	 baseline_offset_flux_Michelangelo 86.8454896880322     11.514702762253014  
	 baseline_slope_flux_Michelangelo 90.82069541871502    11.010706264576063  
	 baseline_offset_rv_Donatello   82.10518354945987    12.17949898860653   
	 baseline_offset_rv_Raphael     83.40846044076912    11.989191440718779  
	 stellar_var_gp_sho_lnS0_rv     88.99384597860762    11.236732034711483  
	 stellar_var_gp_sho_lnQ_rv      89.35617870923176    11.191167913010652  
	 stellar_var_gp_sho_lnomega0_rv 89.14807121310011    11.217292605350863  
