
allesfitter version
--------------------------

v1.1.1

Shifting epochs into the data center:
--------------------------

Companion b
	input epoch: 0.0

Running MCMC...
--------------------------

Running on 15 CPUs.

Running full MCMC

Time taken to run 'emcee' on 15 cores is 0.49 hours

Acceptance fractions:
--------------------------
[0.44 0.4  0.4  0.42 0.48 0.44 0.4  0.43 0.39 0.4  0.47 0.39 0.45 0.51
 0.45 0.38 0.41 0.51 0.42 0.53 0.46 0.35 0.48 0.39 0.38 0.4  0.5  0.4
 0.46 0.4  0.48 0.46 0.48 0.45 0.44 0.52 0.48 0.38 0.45 0.44 0.44 0.51
 0.46 0.47 0.4  0.31 0.43 0.41 0.34 0.51 0.43 0.44 0.43 0.45 0.43 0.44
 0.45 0.49 0.33 0.49 0.35 0.44 0.44 0.41 0.42 0.48 0.4  0.39 0.39 0.42
 0.44 0.47 0.42 0.42 0.42 0.41 0.49 0.41 0.49 0.39 0.36 0.54 0.39 0.43
 0.39 0.48 0.48 0.42 0.56 0.47 0.35 0.44 0.47 0.37 0.37 0.39 0.41 0.39
 0.42 0.5  0.51 0.39 0.44 0.43 0.36 0.42 0.38 0.41 0.46 0.37 0.37 0.37
 0.42 0.44 0.4  0.39 0.41 0.48 0.4  0.44 0.4  0.42 0.39 0.37 0.44 0.41
 0.39 0.47 0.45 0.35 0.48 0.5  0.48 0.34 0.48 0.38 0.46 0.4  0.49 0.42
 0.48 0.46 0.44 0.44 0.46 0.42 0.44 0.34 0.29 0.41 0.35 0.42 0.33 0.41
 0.41 0.39 0.43 0.4  0.42 0.45 0.43 0.46 0.45 0.51 0.38 0.43 0.41 0.36
 0.4  0.4  0.47 0.4  0.48 0.38 0.42 0.47 0.49 0.46 0.41 0.39 0.41 0.42
 0.49 0.45 0.42 0.44 0.44 0.36 0.35 0.47 0.5  0.51 0.49 0.5  0.45 0.53
 0.51 0.51 0.49 0.45 0.39 0.48 0.38 0.37 0.45 0.48 0.45 0.44 0.42 0.53
 0.36 0.42 0.45 0.43 0.4  0.38 0.5  0.43 0.52 0.47 0.39 0.47 0.38 0.48
 0.46 0.51 0.44 0.48 0.49 0.47 0.38 0.43 0.4  0.49 0.48 0.41 0.4  0.37
 0.44 0.44 0.53 0.46 0.5  0.46 0.44 0.45 0.4  0.45 0.34 0.48 0.44 0.43
 0.48 0.4  0.4  0.51 0.52 0.39 0.45 0.38 0.48 0.54 0.43 0.45 0.38 0.52
 0.43 0.43 0.36 0.4  0.44 0.41 0.36 0.35 0.34 0.45 0.48 0.41 0.5  0.42
 0.41 0.45 0.52 0.35 0.47 0.43 0.39 0.47 0.46 0.45 0.44 0.37 0.48 0.36
 0.53 0.36 0.39 0.47 0.5  0.42 0.34 0.51 0.4  0.44 0.48 0.4  0.5  0.42
 0.37 0.42 0.41 0.42 0.52 0.54 0.5  0.42 0.55 0.48 0.35 0.46 0.36 0.46
 0.44 0.34 0.46 0.36 0.49 0.53 0.44 0.43 0.48 0.35 0.48 0.34 0.4  0.43
 0.42 0.35 0.47 0.42 0.47 0.41 0.47 0.43 0.42 0.41 0.5  0.58 0.4  0.41
 0.39 0.34 0.42 0.47 0.46 0.37 0.44 0.49 0.39 0.45 0.47 0.51 0.47 0.38
 0.45 0.47 0.41 0.39 0.47 0.47 0.45 0.43 0.36 0.48 0.45 0.51 0.36 0.45
 0.35 0.41 0.42 0.38 0.5  0.39 0.3  0.5  0.38 0.41 0.42 0.42 0.48 0.41
 0.38 0.41 0.41 0.46 0.46 0.53 0.48 0.37 0.49 0.42 0.35 0.54 0.37 0.43
 0.35 0.45 0.53 0.44 0.51 0.36 0.43 0.45 0.39 0.44 0.46 0.47 0.43 0.42
 0.43 0.43 0.42 0.46 0.46 0.34 0.44 0.48 0.58 0.44 0.5  0.35 0.41 0.44
 0.46 0.51 0.5  0.47 0.45 0.39 0.45 0.49 0.45 0.48 0.47 0.42 0.41 0.42
 0.4  0.48 0.42 0.37 0.5  0.41 0.38 0.44 0.45 0.34 0.46 0.4  0.44 0.42
 0.44 0.45 0.43 0.49 0.42 0.42 0.47 0.39 0.41 0.45 0.56 0.38 0.45 0.44
 0.44 0.43 0.42 0.44 0.43 0.41 0.39 0.35 0.38 0.45 0.43 0.44 0.43 0.58
 0.38 0.43 0.36 0.44 0.48 0.44 0.49 0.39 0.42 0.39]

Convergence check:
--------------------------
Total steps:         5000      
Burn steps:          1000      
Evaluation steps:    4000                
Evaluation samples:  40000               
Autocorrelation times:
	 parameter                      tau (in steps)       Chain length (in multiples of tau)
	 b_rr                           88.33596813019939    45.281668211349135  
	 b_rsuma                        92.9454836359729     43.03598027060963   
	 b_cosi                         93.51193102420552    42.775290341984295  
	 b_sbratio_TESS                 85.61892014822455    46.71864575113947   
	 b_phase_curve_A1_TESS          85.68023004754994    46.685215454955255  
	 b_phase_curve_B1_TESS          86.51691654835463    46.23373277253108   
	 b_phase_curve_B2_TESS          85.28431192795173    46.901943740593275  
	 baseline_offset_flux_TESS      84.24280922093506    47.48179740195518   
	 log_err_flux_TESS              87.50124643104908    45.713634526932104  

Succesfully converged! All chains are at least 30x the autocorrelation length.

