
Settings:
--------------------------

user-given:                   
companions_phot                ['b']          
companions_rv                  []             
inst_phot                      ['FLARONARDO'] 
inst_rv                        []             
multiprocess                   1              
multiprocess_cores             4              
fast_fit                       0              
fast_fit_width                 0.333333333333 
secondary_eclipse              1              
phase_curve                    True           
shift_epoch                    1              
inst_for_b_epoch               ['FLARONARDO'] 
mcmc_nwalkers                  100            
mcmc_total_steps               2000           
mcmc_burn_steps                1000           
mcmc_thin_by                   1              
ns_modus                       dynamic        
ns_nlive                       500            
ns_bound                       single         
ns_sample                      rwalk          
ns_tol                         0.01           

host_ld_law_FLARONARDO        
baseline_flux_FLARONARDO       hybrid_offset  
error_flux_FLARONARDO          sample         
t_exp_FLARONARDO               None           
t_exp_n_int_FLARONARDO         None           
N_flares                       3              

automatically set:            
companions_all                 ['b']          
inst_all                       ['FLARONARDO'] 
phase_variations               0              
host_grid_FLARONARDO           default        
b_grid_FLARONARDO              default        
b_ld_law_FLARONARDO            None           
host_shape_FLARONARDO          sphere         
b_shape_FLARONARDO             sphere         
color_plot                     0              
host_N_spots_FLARONARDO        0              
b_N_spots_FLARONARDO           0              

Parameters:
--------------------------

user-given:                   
b_rsuma                        0.178           set  
b_rr                           0.1011          set  
b_cosi                         0.099           set  
b_epoch                        1.09            set  
b_period                       3.41            set  
_flare_tpeak_1                 0.3             free  ['uniform', 0.1, 0.5]         
_flare_fwhm_1                  0.12            free  ['uniform', 0.0, 0.2]         
_flare_ampl_1                  0.012           free  ['uniform', 0.0, 0.05]        
_flare_tpeak_2                 0.5             free  ['uniform', 0.4, 0.6]         
_flare_fwhm_2                  0.05            free  ['uniform', 0.0, 0.2]         
_flare_ampl_2                  0.004           free  ['uniform', 0.0, 0.05]        
_flare_tpeak_3                 1.4             free  ['uniform', 1.3, 1.5]         
_flare_fwhm_3                  0.2             free  ['uniform', 0.0, 0.4]         
_flare_ampl_3                  0.007           free  ['uniform', 0.0, 0.2]         
log_err_flux_Flaronardo        -7.0            free  ['trunc_normal', -23.0, 0.0, -7.0, 1.0]

automatically set:            
dil_FLARONARDO                 0.0             set  
b_sbratio_FLARONARDO           0.0             set  
b_a                            None            set  
b_q                            1.0             set  
b_K                            0.0             set  
b_f_c                          0.0             set  
b_f_s                          0.0             set  
host_ldc_FLARONARDO            None            set  
b_ldc_FLARONARDO               None            set  
host_gdc_FLARONARDO            None            set  
b_gdc_FLARONARDO               None            set  
didt_FLARONARDO                None            set  
domdt_FLARONARDO               None            set  
host_rotfac_FLARONARDO         1.0             set  
b_rotfac_FLARONARDO            1.0             set  
host_hf_FLARONARDO             1.5             set  
b_hf_FLARONARDO                1.5             set  
host_bfac_FLARONARDO           None            set  
b_bfac_FLARONARDO              None            set  
host_geom_albedo_FLARONARDO    0               set  
b_geom_albedo_FLARONARDO       0               set  
host_lambda_FLARONARDO         None            set  
b_lambda_FLARONARDO            None            set  
host_vsini_FLARONARDO          None            set  
b_vsini_FLARONARDO             None            set  
host_spots_FLARONARDO          None            set  
b_spots_FLARONARDO             None            set  
ttv_FLARONARDO                 0.0             set  

ndim: 10
