
Settings:
--------------------------

user-given:                   
planets_phot                   ['b']          
planets_rv                     ['b']          
inst_phot                      ['Leonardo', 'Michelangelo_TTV']
inst_rv                        ['Donatello', 'Raphael']
fast_fit                       1              
multiprocess                   1              
multiprocess_cores             4              
ns_modus                       dynamic        
ns_nlive                       500            
ns_bound                       single         
ns_sample                      rwalk          
ns_tol                         0.01           

automatically set:            
planets_all                    ['b']          
inst_all                       ['Leonardo', 'Michelangelo_TTV', 'Donatello', 'Raphael']
inst_for_b_epoch               ['Leonardo', 'Michelangelo_TTV', 'Donatello', 'Raphael']
phase_variations               0              
fast_fit_width                 0.333333333333 
secondary_eclipse              0              
mcmc_nwalkers                  100            
mcmc_total_steps               2000           
mcmc_burn_steps                1000           
mcmc_thin_by                   1              
ld_law_Leonardo                None           
ld_law_Michelangelo_TTV        None           
ld_law_Donatello               None           
ld_law_Raphael                 None           
shape_1                        sphere         
shape_2                        sphere         
baseline_flux_Leonardo         hybrid_spline  
baseline_flux_Michelangelo_TTV hybrid_spline  
baseline_rv_Donatello          hybrid_offset  
baseline_rv_Raphael            hybrid_offset  
error_flux_Leonardo            sample         
error_flux_Michelangelo_TTV    sample         
error_rv_Donatello             sample         
error_rv_Raphael               sample         
color_plot                     0              
t_exp_Leonardo                 None           
t_exp_n_int_Leonardo           None           
t_exp_Michelangelo_TTV         None           
t_exp_n_int_Michelangelo_TTV   None           
t_exp_Donatello                None           
t_exp_n_int_Donatello          None           
t_exp_Raphael                  None           
t_exp_n_int_Raphael            None           
N_spots_1                      0              

Parameters:
--------------------------

user-given:                   
ldc_q1_Leonardo                0.5             free  ['uniform', 0.0, 1.0]         
ldc_q2_Leonardo                0.5             free  ['uniform', 0.0, 1.0]         
ldc_q1_Michelangelo_TTV        0.5             free  ['uniform', 0.0, 1.0]         
ldc_q2_Michelangelo_TTV        0.5             free  ['uniform', 0.0, 1.0]         
b_rsuma                        0.12            free  ['trunc_normal', 0.0, 1.0, 0.12, 0.02]
b_rr                           0.103           free  ['trunc_normal', 0.0, 1.0, 0.103, 0.02]
b_cosi                         0.0             free  ['trunc_normal', 0.0, 1.0, 0.0, 0.05]
b_epoch                        31.706          free  ['trunc_normal', 30.608999999999998, 1000000000030.609, 31.706, 0.01]
b_period                       3.401           free  ['trunc_normal', 0.0, 1000000000000.0, 3.401, 0.01]
b_K                            0.11            free  ['trunc_normal', 0.0, 1.0, 0.11, 0.01]
ttv_Michelangelo_TTV           0.0             set  
log_err_flux_Leonardo          -6.0            free  ['trunc_normal', -23.0, 0.0, -6.0, 1.0]
log_err_flux_Michelangelo_TTV  -6.0            free  ['trunc_normal', -23.0, 0.0, -6.0, 1.0]
log_jitter_rv_Donatello        -3.0            free  ['trunc_normal', -23.0, 0.0, -3.0, 1.0]
log_jitter_rv_Raphael          -3.0            free  ['trunc_normal', -23.0, 0.0, -3.0, 1.0]

automatically set:            
light_3_Leonardo               0.0             set  
b_a                            None            set  
b_q                            1.0             set  
b_f_c                          0.0             set  
b_f_s                          0.0             set  
b_sbratio_Leonardo             0               set  
b_geom_albedo_Leonardo         0               set  
ldc_1_Leonardo                 None            set  
gdc_1                          None            set  
bfac_1                         None            set  
ttv_Leonardo                   0.0             set  
light_3_Michelangelo_TTV       0.0             set  
b_sbratio_Michelangelo_TTV     0               set  
b_geom_albedo_Michelangelo_TTV 0               set  
ldc_1_Michelangelo_TTV         None            set  
light_3_Donatello              0.0             set  
b_sbratio_Donatello            0               set  
b_geom_albedo_Donatello        0               set  
ldc_1_Donatello                None            set  
ttv_Donatello                  0.0             set  
light_3_Raphael                0.0             set  
b_sbratio_Raphael              0               set  
b_geom_albedo_Raphael          0               set  
ldc_1_Raphael                  None            set  
ttv_Raphael                    0.0             set  

ndim: 14
