
Running MCMC...
--------------------------

Running on 15 CPUs.

Running pre-run loop 1 / 2

Running pre-run loop 2 / 2

Running full MCMC

Acceptance fractions:
--------------------------
[0.26  0.245 0.22  0.275 0.325 0.26  0.26  0.265 0.28  0.28  0.26  0.23
 0.25  0.2   0.255 0.245 0.23  0.245 0.26  0.28  0.225 0.23  0.26  0.275
 0.265 0.27  0.235 0.245 0.27  0.24  0.2   0.285 0.21  0.23  0.24  0.24
 0.305 0.315 0.27  0.3   0.285 0.255 0.27  0.235 0.305 0.26  0.205 0.285
 0.325 0.235 0.235 0.26  0.265 0.285 0.24  0.29  0.24  0.25  0.28  0.295
 0.205 0.215 0.245 0.21  0.28  0.295 0.29  0.28  0.3   0.265 0.305 0.265
 0.295 0.24  0.255 0.29  0.28  0.225 0.275 0.315 0.26  0.255 0.275 0.345
 0.325 0.305 0.235 0.26  0.26  0.34  0.23  0.21  0.22  0.255 0.245 0.255
 0.225 0.22  0.26  0.27  0.255 0.285 0.27  0.295 0.285 0.285 0.29  0.22
 0.285 0.255 0.27  0.215 0.25  0.29  0.245 0.245 0.25  0.255 0.235 0.31
 0.285 0.195 0.23  0.295 0.205 0.26  0.245 0.255 0.255 0.245 0.265 0.255
 0.28  0.29  0.22  0.255 0.29  0.265 0.23  0.31  0.22  0.28  0.27  0.285
 0.245 0.25  0.235 0.28  0.295 0.29  0.25  0.3   0.28  0.255 0.265 0.285
 0.255 0.255 0.345 0.26  0.265 0.215 0.28  0.235 0.285 0.295 0.255 0.31
 0.225 0.335 0.28  0.23  0.26  0.31  0.245 0.245 0.27  0.255 0.245 0.285
 0.27  0.27  0.23  0.265 0.28  0.255 0.265 0.225 0.305 0.255 0.25  0.28
 0.195 0.23  0.245 0.23  0.295 0.27  0.255 0.315]

Convergence check:
--------------------------
Total steps:         10000     
Burn steps:          1000      
Evaluation steps:    9000                
Evaluation samples:  36000               
Autocorrelation times:
	 parameter                      tau (in steps)       Chain length (in multiples of tau)
	 host_ldc_q1_TESS               336.18686764432596   26.770825591919575  
	 host_ldc_q2_TESS               335.3442953744102    26.838088866105643  
	 b_epoch                        287.6508456941435    31.2879316529791    
	 b_period                       291.4194645455677    30.883318017327284  
	 b_K                            276.72455303243186   32.52331569922243   
	 b_f_c                          283.4145555761936    31.755602607292435  
	 b_f_s                          287.63646138727734   31.28949631973913   
	 c_rsuma                        294.4772345806936    30.56263419756406   
	 c_rr                           297.98714732428783   30.20264491543875   
	 c_cosi                         299.64170985971236   30.035871855802924  
	 c_epoch                        298.64302086151196   30.136314500292706  
	 c_period                       324.8173173932285    27.707882302052482  
	 c_K                            276.2293710974706    32.58161854491661   
	 baseline_offset_flux_TESS      262.4183821776304    34.29637788829869   
	 baseline_offset_rv_AAT         267.3901604890023    33.65868057201816   
	 baseline_offset_rv_HARPS1      278.4349181533213    32.3235320472417    
	 baseline_offset_rv_HARPS2      287.23725206506856   31.33298322308559   
	 log_err_flux_TESS              271.90496843707535   33.0997997268402    
	 log_jitter_rv_AAT              286.25407685458396   31.440600248889968  
	 log_jitter_rv_HARPS1           286.71149670089704   31.390439879671003  
	 log_jitter_rv_HARPS2           271.9379946102375    33.09577984091371   

Not yet converged! Some chains are less than 30x the autocorrelation length. Please continue to run with longer chains, or start again with more walkers.

