
Running MCMC...
--------------------------

Running on 19 CPUs.

Running full MCMC

Acceptance fractions:
--------------------------
[0.25333333 0.22666667 0.22       0.25       0.29       0.25
 0.24       0.25333333 0.26       0.23333333 0.30333333 0.25
 0.22666667 0.29       0.28333333 0.28333333 0.26       0.23333333
 0.26       0.26666667 0.3        0.19666667 0.26       0.32666667
 0.25666667 0.26333333 0.28666667 0.27       0.27333333 0.26
 0.33333333 0.26666667 0.24       0.31666667 0.25333333 0.29
 0.28666667 0.26333333 0.3        0.24333333 0.27       0.23666667
 0.26333333 0.24333333 0.27       0.29666667 0.29       0.26666667
 0.25666667 0.28       0.28333333 0.23333333 0.26666667 0.28333333
 0.32333333 0.27666667 0.25333333 0.20333333 0.23       0.23333333
 0.31666667 0.30333333 0.22333333 0.29       0.20666667 0.27
 0.27       0.27       0.24666667 0.25       0.25333333 0.29
 0.28333333 0.24       0.30666667 0.27333333 0.27       0.25666667
 0.31666667 0.28666667 0.26333333 0.25333333 0.27333333 0.24
 0.25333333 0.29       0.23333333 0.27       0.29333333 0.25
 0.21       0.21666667 0.32333333 0.26333333 0.31       0.24
 0.26       0.24666667 0.23333333 0.28666667]

Convergence check:
--------------------------
Total steps:         3000      
Burn steps:          2000      
Evaluation steps:    1000                
Autocorrelation times:
	 parameter                      tau (in steps)       Chain length (in multiples of tau)
	 host_ldc_q1_Leonardo           89.28389775723325    11.200227869968703  
	 host_ldc_q2_Leonardo           88.5981365506472     11.286919103861164  
	 host_ldc_q1_Michelangelo       93.50983069434393    10.694062780080365  
	 host_ldc_q2_Michelangelo       88.02569617214958    11.360319128227351  
	 b_rsuma                        88.76133689252931    11.266166497816304  
	 b_rr                           93.40770559878757    10.705754879530838  
	 b_cosi                         93.954288395513      10.643473726184459  
	 b_epoch                        89.85528619220955    11.129005786714638  
	 b_period                       88.35900320650715    11.317465834951333  
	 b_K                            83.83238893341294    11.928563801209195  
	 log_err_flux_Leonardo          88.8125197766087     11.259673777022803  
	 log_err_flux_Michelangelo      90.72292688770784    11.022572069767419  
	 log_jitter_rv_Donatello        87.70145810905606    11.402318975774701  
	 log_jitter_rv_Raphael          89.59302693981596    11.161582928454346  
