
Settings:
--------------------------

user-given:                   
companions_phot                ['b']          
companions_rv                  []             
inst_phot                      ['Leonardo']   
inst_rv                        []             
multiprocess                   True           
multiprocess_cores             4              
fast_fit                       True           
fast_fit_width                 0.3333333333333333
secondary_eclipse              False          
phase_curve                    False          
shift_epoch                    True           
inst_for_b_epoch               ['Leonardo']   
mcmc_nwalkers                  100            
mcmc_total_steps               2000           
mcmc_burn_steps                1000           
mcmc_thin_by                   1              
ns_modus                       dynamic        
ns_nlive                       500            
ns_bound                       single         
ns_sample                      rwalk          
ns_tol                         0.01           
host_ld_law_Leonardo           quad           
baseline_flux_Leonardo         sample_GP      
error_flux_Leonardo            sample         
t_exp_Leonardo                 None           
t_exp_n_int_Leonardo           None           
host_N_spots_Leonardo          0              
N_flares                       0              
host_grid_Leonardo             default        
host_shape_Leonardo            sphere         

automatically set:            
companions_all                 ['b']          
inst_all                       ['Leonardo']   
print_progress                 True           
phase_variations               False          
b_grid_Leonardo                default        
b_ld_law_Leonardo              None           
b_shape_Leonardo               sphere         
color_plot                     False          
b_N_spots_Leonardo             0              

Parameters:
--------------------------

user-given:                   
b_rr                           0.1             free  ['trunc_normal', 0.0, 1.0, 0.1, 0.05]
b_rsuma                        0.221272589074956 free  ['uniform', 0.11051455174627013, 0.3295493796359826]
b_cosi                         0.0             free  ['uniform', 0.0, 0.2]         
b_epoch                        4.5             free  ['trunc_normal', -999999999996.59, 1000000000003.41, 4.5, 0.05]
b_period                       3.41            free  ['trunc_normal', -1000000000000.0, 1000000000000.0, 3.41, 0.05]
b_f_c                          0.0             set  
b_f_s                          0.0             set  
dil_Leonardo                   0.0             set  
host_ldc_q1_Leonardo           0.5             free  ['uniform', 0.0, 1.0]         
host_ldc_q2_Leonardo           0.5             free  ['uniform', 0.0, 1.0]         
b_sbratio_Leonardo             0.0             set  
host_geom_albedo_Leonardo      0.0             set  
b_geom_albedo_Leonardo         0.0             set  
host_gdc_Leonardo              0.0             set  
ttv_Leonardo                   0.0             set  
log_err_flux_Leonardo          -7.0            free  ['trunc_normal', -23.0, 0.0, -7.0, 1.0]
baseline_gp1_flux_Leonardo     0.0             free  ['uniform', -15.0, 15.0]      
baseline_gp2_flux_Leonardo     0.0             free  ['uniform', -15.0, 15.0]      

automatically set:            
b_a                            None            set  
b_q                            1.0             set  
b_K                            0.0             set  
host_ldc_Leonardo              None            set  
b_ldc_Leonardo                 None            set  
b_gdc_Leonardo                 None            set  
didt_Leonardo                  None            set  
domdt_Leonardo                 None            set  
host_rotfac_Leonardo           1.0             set  
b_rotfac_Leonardo              1.0             set  
host_hf_Leonardo               1.5             set  
b_hf_Leonardo                  1.5             set  
host_bfac_Leonardo             None            set  
b_bfac_Leonardo                None            set  
host_lambda_Leonardo           None            set  
b_lambda_Leonardo              None            set  
host_vsini_Leonardo            None            set  
b_vsini_Leonardo               None            set  
host_spots_Leonardo            None            set  
b_spots_Leonardo               None            set  

ndim: 10

Running Dynamic Nested Sampler...
--------------------------

Running on 4 CPUs.

Time taken to run 'dynesty' (in dynamic mode) is 0.19 hours
