
Settings:
--------------------------

user-given:                   
companions_phot                ['b']          
companions_rv                  ['b']          
inst_phot                      ['Leonardo', 'Michelangelo']
inst_rv                        ['Donatello', 'Raphael']
fast_fit                       True           
multiprocess                   True           
multiprocess_cores             10             
ns_modus                       dynamic        
ns_nlive                       500            
ns_bound                       single         
ns_sample                      rwalk          
ns_tol                         0.01           

automatically set:            
companions_all                 ['b']          
inst_all                       ['Leonardo', 'Michelangelo', 'Donatello', 'Raphael']
print_progress                 True           
shift_epoch                    False          
inst_for_b_epoch               ['Leonardo', 'Michelangelo', 'Donatello', 'Raphael']
phase_variations               False          
fast_fit_width                 0.3333333333333333
fit_ttvs                       False          
secondary_eclipse              False          
mcmc_nwalkers                  100            
mcmc_total_steps               2000           
mcmc_burn_steps                1000           
mcmc_thin_by                   1              
host_grid_Leonardo             default        
b_grid_Leonardo                default        
host_ld_law_Leonardo           None           
b_ld_law_Leonardo              None           
host_shape_Leonardo            sphere         
b_shape_Leonardo               sphere         
host_grid_Michelangelo         default        
b_grid_Michelangelo            default        
host_ld_law_Michelangelo       None           
b_ld_law_Michelangelo          None           
host_shape_Michelangelo        sphere         
b_shape_Michelangelo           sphere         
host_grid_Donatello            default        
b_grid_Donatello               default        
host_ld_law_Donatello          None           
b_ld_law_Donatello             None           
host_shape_Donatello           sphere         
b_shape_Donatello              sphere         
host_grid_Raphael              default        
b_grid_Raphael                 default        
host_ld_law_Raphael            None           
b_ld_law_Raphael               None           
host_shape_Raphael             sphere         
b_shape_Raphael                sphere         
flux_weighted_Donatello        False          
flux_weighted_Raphael          False          
stellar_var_flux               none           
stellar_var_rv                 none           
baseline_flux_Leonardo         hybrid_spline  
baseline_flux_Michelangelo     hybrid_spline  
baseline_rv_Donatello          hybrid_offset  
baseline_rv_Raphael            hybrid_offset  
error_flux_Leonardo            sample         
error_flux_Michelangelo        sample         
error_rv_Donatello             sample         
error_rv_Raphael               sample         
color_plot                     False          
t_exp_Leonardo                 None           
t_exp_n_int_Leonardo           None           
t_exp_Michelangelo             None           
t_exp_n_int_Michelangelo       None           
t_exp_Donatello                None           
t_exp_n_int_Donatello          None           
t_exp_Raphael                  None           
t_exp_n_int_Raphael            None           
host_N_spots_Leonardo          0              
b_N_spots_Leonardo             0              
host_N_spots_Michelangelo      0              
b_N_spots_Michelangelo         0              
host_N_spots_Donatello         0              
b_N_spots_Donatello            0              
host_N_spots_Raphael           0              
b_N_spots_Raphael              0              
N_flares                       0              

Parameters:
--------------------------

user-given:                   
host_ldc_q1_Leonardo           0.5             free  ['uniform', 0.0, 1.0]         
host_ldc_q2_Leonardo           0.5             free  ['uniform', 0.0, 1.0]         
host_ldc_q1_Michelangelo       0.5             free  ['uniform', 0.0, 1.0]         
host_ldc_q2_Michelangelo       0.5             free  ['uniform', 0.0, 1.0]         
b_rsuma                        0.12            free  ['trunc_normal', 0.0, 1.0, 0.12, 0.02]
b_rr                           0.103           free  ['trunc_normal', 0.0, 1.0, 0.103, 0.02]
b_cosi                         0.0             free  ['trunc_normal', 0.0, 1.0, 0.0, 0.05]
b_epoch                        1.097           free  ['trunc_normal', 0.0, 1000000000000.0, 1.097, 0.01]
b_period                       3.401           free  ['trunc_normal', 0.0, 1000000000000.0, 3.401, 0.01]
b_K                            0.11            free  ['trunc_normal', 0.0, 1.0, 0.11, 0.01]
log_err_flux_Leonardo          -6.0            free  ['trunc_normal', -23.0, 0.0, -6.0, 1.0]
log_err_flux_Michelangelo      -6.0            free  ['trunc_normal', -23.0, 0.0, -6.0, 1.0]
log_jitter_rv_Donatello        -3.0            free  ['trunc_normal', -23.0, 0.0, -3.0, 1.0]
log_jitter_rv_Raphael          -3.0            free  ['trunc_normal', -23.0, 0.0, -3.0, 1.0]

automatically set:            
dil_Leonardo                   0.0             set  
b_sbratio_Leonardo             0.0             set  
b_a                            None            set  
b_q                            1.0             set  
b_f_c                          0.0             set  
b_f_s                          0.0             set  
host_ldc_Leonardo              None            set  
b_ldc_Leonardo                 None            set  
host_gdc_Leonardo              None            set  
b_gdc_Leonardo                 None            set  
didt_Leonardo                  None            set  
domdt_Leonardo                 None            set  
host_rotfac_Leonardo           1.0             set  
b_rotfac_Leonardo              1.0             set  
host_hf_Leonardo               1.5             set  
b_hf_Leonardo                  1.5             set  
host_bfac_Leonardo             None            set  
b_bfac_Leonardo                None            set  
host_geom_albedo_Leonardo      0               set  
b_geom_albedo_Leonardo         0               set  
host_lambda_Leonardo           None            set  
b_lambda_Leonardo              None            set  
host_vsini_Leonardo            None            set  
b_vsini_Leonardo               None            set  
host_spots_Leonardo            None            set  
b_spots_Leonardo               None            set  
dil_Michelangelo               0.0             set  
b_sbratio_Michelangelo         0.0             set  
host_ldc_Michelangelo          None            set  
b_ldc_Michelangelo             None            set  
host_gdc_Michelangelo          None            set  
b_gdc_Michelangelo             None            set  
didt_Michelangelo              None            set  
domdt_Michelangelo             None            set  
host_rotfac_Michelangelo       1.0             set  
b_rotfac_Michelangelo          1.0             set  
host_hf_Michelangelo           1.5             set  
b_hf_Michelangelo              1.5             set  
host_bfac_Michelangelo         None            set  
b_bfac_Michelangelo            None            set  
host_geom_albedo_Michelangelo  0               set  
b_geom_albedo_Michelangelo     0               set  
host_lambda_Michelangelo       None            set  
b_lambda_Michelangelo          None            set  
host_vsini_Michelangelo        None            set  
b_vsini_Michelangelo           None            set  
host_spots_Michelangelo        None            set  
b_spots_Michelangelo           None            set  
dil_Donatello                  0.0             set  
b_sbratio_Donatello            0.0             set  
host_ldc_Donatello             None            set  
b_ldc_Donatello                None            set  
host_gdc_Donatello             None            set  
b_gdc_Donatello                None            set  
didt_Donatello                 None            set  
domdt_Donatello                None            set  
host_rotfac_Donatello          1.0             set  
b_rotfac_Donatello             1.0             set  
host_hf_Donatello              1.5             set  
b_hf_Donatello                 1.5             set  
host_bfac_Donatello            None            set  
b_bfac_Donatello               None            set  
host_geom_albedo_Donatello     0               set  
b_geom_albedo_Donatello        0               set  
host_lambda_Donatello          None            set  
b_lambda_Donatello             None            set  
host_vsini_Donatello           None            set  
b_vsini_Donatello              None            set  
host_spots_Donatello           None            set  
b_spots_Donatello              None            set  
dil_Raphael                    0.0             set  
b_sbratio_Raphael              0.0             set  
host_ldc_Raphael               None            set  
b_ldc_Raphael                  None            set  
host_gdc_Raphael               None            set  
b_gdc_Raphael                  None            set  
didt_Raphael                   None            set  
domdt_Raphael                  None            set  
host_rotfac_Raphael            1.0             set  
b_rotfac_Raphael               1.0             set  
host_hf_Raphael                1.5             set  
b_hf_Raphael                   1.5             set  
host_bfac_Raphael              None            set  
b_bfac_Raphael                 None            set  
host_geom_albedo_Raphael       0               set  
b_geom_albedo_Raphael          0               set  
host_lambda_Raphael            None            set  
b_lambda_Raphael               None            set  
host_vsini_Raphael             None            set  
b_vsini_Raphael                None            set  
host_spots_Raphael             None            set  
b_spots_Raphael                None            set  

External priors:
--------------------------
No external priors defined.

ndim: 14
