
allesfitter version
---------------------
v1.2.1

Running MCMC...
--------------------------

Running on 19 CPUs.

Running full MCMC

Time taken to run 'emcee' on 19 cores is 1.08 hours

Acceptance fractions:
--------------------------
[0.08 0.06 0.04 0.02 0.04 0.04 0.03 0.08 0.05 0.06 0.05 0.03 0.03 0.08
 0.05 0.06 0.08 0.08 0.06 0.04 0.04 0.06 0.03 0.09 0.06 0.06 0.01 0.02
 0.07 0.01 0.07 0.05 0.08 0.02 0.11 0.07 0.05 0.01 0.04 0.08 0.04 0.03
 0.05 0.03 0.04 0.02 0.05 0.04 0.06 0.09 0.06 0.04 0.04 0.06 0.05 0.05
 0.04 0.02 0.02 0.08 0.07 0.01 0.09 0.04 0.03 0.07 0.05 0.06 0.01 0.06
 0.07 0.05 0.03 0.06 0.06 0.05 0.05 0.05 0.06 0.08 0.08 0.05 0.04 0.02
 0.07 0.05 0.04 0.04 0.04 0.03 0.06 0.03 0.05 0.07 0.03 0.04 0.02 0.05
 0.06 0.05 0.05 0.02 0.05 0.07 0.03 0.1  0.04 0.03 0.03 0.04 0.1  0.06
 0.05 0.04 0.05 0.05 0.09 0.03 0.06 0.06 0.05 0.03 0.05 0.05 0.04 0.06
 0.06 0.04 0.06 0.04 0.09 0.06 0.06 0.05 0.05 0.07 0.06 0.08 0.07 0.04
 0.07 0.07 0.08 0.04 0.05 0.05 0.06 0.05 0.05 0.08 0.04 0.05 0.04 0.06
 0.02 0.06 0.06 0.02 0.03 0.07 0.03 0.08 0.08 0.07 0.02 0.07 0.08 0.02
 0.05 0.09 0.04 0.07 0.05 0.03 0.05 0.04 0.06 0.05 0.03 0.01 0.05 0.03
 0.05 0.04 0.06 0.03 0.07 0.03 0.05 0.06 0.06 0.1  0.   0.06 0.09 0.06
 0.08 0.07 0.04 0.04 0.06 0.07 0.05 0.08 0.04 0.03 0.04 0.04 0.03 0.06
 0.02 0.03 0.03 0.02 0.07 0.07 0.07 0.08 0.05 0.06 0.03 0.06 0.04 0.06
 0.05 0.05 0.05 0.04 0.   0.05 0.05 0.04 0.07 0.06 0.04 0.04 0.07 0.05
 0.02 0.04 0.01 0.05 0.07 0.08 0.04 0.03 0.05 0.04 0.01 0.06 0.11 0.03
 0.02 0.06 0.07 0.01 0.06 0.03 0.05 0.03 0.07 0.04 0.03 0.04 0.08 0.07
 0.04 0.07 0.05 0.04 0.04 0.05 0.02 0.05 0.09 0.08 0.03 0.05 0.03 0.06
 0.03 0.06 0.03 0.01 0.03 0.06 0.02 0.04 0.02 0.02 0.08 0.04 0.07 0.04
 0.04 0.08 0.02 0.01 0.05 0.08 0.01 0.04 0.02 0.08 0.08 0.05 0.01 0.04
 0.05 0.08 0.05 0.08 0.06 0.04 0.08 0.1  0.07 0.06 0.09 0.05 0.04 0.04
 0.06 0.07 0.06 0.03 0.05 0.07 0.07 0.07 0.02 0.1  0.05 0.04 0.04 0.08
 0.02 0.04 0.03 0.03 0.05 0.   0.05 0.07 0.04 0.02 0.02 0.02 0.06 0.04
 0.06 0.06 0.01 0.05 0.04 0.03 0.02 0.03 0.02 0.07 0.02 0.03 0.04 0.06
 0.03 0.05 0.06 0.09 0.06 0.09 0.05 0.05 0.04 0.07 0.06 0.06 0.04 0.07
 0.06 0.11 0.05 0.06 0.05 0.02 0.02 0.02 0.1  0.03 0.04 0.01 0.06 0.06
 0.07 0.01 0.05 0.05 0.05 0.04 0.02 0.09 0.08 0.03 0.03 0.03 0.03 0.07
 0.05 0.05 0.04 0.03 0.07 0.09 0.08 0.11 0.06 0.03 0.05 0.07 0.05 0.05
 0.07 0.02 0.06 0.09 0.05 0.08 0.08 0.04 0.03 0.01 0.06 0.04 0.04 0.05
 0.03 0.04 0.05 0.05 0.03 0.04 0.09 0.05 0.04 0.06 0.05 0.03 0.07 0.06
 0.05 0.08 0.06 0.08 0.03 0.08 0.01 0.04 0.02 0.01 0.05 0.01 0.05 0.05
 0.05 0.03 0.08 0.02 0.06 0.03 0.02 0.06 0.08 0.02 0.02 0.03 0.04 0.06
 0.04 0.06 0.05 0.07 0.05 0.05 0.06 0.03 0.02 0.07 0.01 0.05 0.03 0.06
 0.06 0.05 0.03 0.04 0.02 0.08 0.05 0.03 0.07 0.03]

Convergence check
-------------------
Total steps:         5000      
Burn steps:          2000      
Evaluation steps:    3000                
Evaluation samples:  30000               
Autocorrelation times:
	 parameter                      tau (in steps)       Chain length (in multiples of tau)
	 host_ldc_q1_Leonardo           172.77944865785747   17.363176137578034  
	 host_ldc_q2_Leonardo           199.93083147491907   15.005189434108585  
	 B_rr                           239.55455978595884   12.523243150455952  
	 B_rsuma                        192.78550289188536   15.561336070391187  
	 B_cosi                         236.01997749154907   12.71078843360799   
	 B_K                            146.7893804573313    20.437445751547667  
	 B_q                            141.35491756505954   21.22317392049152   
	 baseline_offset_flux_Leonardo  147.12825851612638   20.390372524331735  
	 baseline_offset_rv_Donatello_Primary 147.9495867940572    20.277177280501217  
	 ln_err_flux_Leonardo           156.12500833712483   19.215371271731314  
	 ln_jitter_rv_Donatello_Primary 154.77839514098548   19.382550111514867  

Not yet converged! Some chains are less than 30x the autocorrelation length. Please continue to run with longer chains, or start again with more walkers.

